Listening to port 4567
Connected!!!
highest w 0.00187594
average w 0.00182008
highest w 8.14136e-05
average w 3.96627e-05
highest w 0.000158778
average w 0.000114444
highest w 0.00332629
average w 0.00234203
highest w 0.423403
average w 0.323181
highest w 0.0040376
average w 0.00224149
highest w 0.149578
average w 0.0942175
highest w 0.00164908
average w 0.000901765
highest w 0.10044
average w 0.0620529
highest w 0.510282
average w 0.313057
highest w 0.0686493
average w 0.0392749
highest w 0.252957
average w 0.132871
highest w 0.00148299
average w 0.000752879
highest w 12.8324
average w 6.38265
highest w 0.0580736
average w 0.0386014
highest w 0.0536831
average w 0.0373744
highest w 0.29368
average w 0.152567
highest w 0.0108725
average w 0.00572233
highest w 0.348726
average w 0.188267
highest w 0.0430523
average w 0.024612
highest w 0.0562074
average w 0.0344281
highest w 0.0026585
average w 0.00117836
highest w 0.463761
average w 0.274461
highest w 0.275972
average w 0.12507
highest w 0.0788675
average w 0.043599
highest w 0.0820681
average w 0.0527535
highest w 0.00334752
average w 0.00211612
highest w 0.498584
average w 0.266611
highest w 0.0750355
average w 0.0572151
highest w 0.00305771
average w 0.00178955
highest w 0.0448657
average w 0.025927
highest w 0.0363943
average w 0.0198746
highest w 0.108077
average w 0.0463016
highest w 0.0154132
average w 0.00851075
highest w 0.000159004
average w 0.000100574
highest w 0.0797856
average w 0.0514017
highest w 0.00677299
average w 0.00485539
highest w 0.0133909
average w 0.00705393
highest w 0.309312
average w 0.168557
highest w 1.15956e-05
average w 7.83287e-06
highest w 0.71788
average w 0.462997
highest w 0.0524678
average w 0.0401437
highest w 0.152598
average w 0.121634
highest w 0.0754504
average w 0.0482422
highest w 0.0175659
average w 0.0110201
highest w 0.0125449
average w 0.00945109
highest w 0.00461355
average w 0.0031338
highest w 0.00154373
average w 0.000867272
highest w 0.0713807
average w 0.0465268
highest w 0.0671574
average w 0.0444919
highest w 0.0163938
average w 0.012057
highest w 0.0128486
average w 0.0085936
highest w 0.253871
average w 0.134001
highest w 0.014508
average w 0.00935184
highest w 0.100182
average w 0.0832008
highest w 0.688856
average w 0.369155
highest w 0.00149983
average w 0.00088012
highest w 5.89034e-05
average w 3.77227e-05
highest w 0.210248
average w 0.106452
highest w 0.0695448
average w 0.050852
highest w 0.186447
average w 0.109201
highest w 0.001384
average w 0.000887615
highest w 2.12182
average w 1.22458
highest w 7.90026
average w 3.85336
highest w 0.0614253
average w 0.0295405
highest w 0.000886018
average w 0.000542257
highest w 5.74577
average w 2.90541
highest w 0.102713
average w 0.0658436
highest w 0.297061
average w 0.121793
highest w 0.000117219
average w 7.25107e-05
highest w 5.29172
average w 4.07065
highest w 0.11105
average w 0.0618839
highest w 0.665704
average w 0.552384
highest w 1.29432
average w 0.587932
highest w 0.159824
average w 0.0755027
highest w 2.31089
average w 1.45052
highest w 1.56992
average w 0.943521
highest w 0.215321
average w 0.121634
highest w 1.56184
average w 0.811611
highest w 0.174052
average w 0.08199
highest w 0.477963
average w 0.271054
highest w 0.337293
average w 0.152336
highest w 0.126459
average w 0.0591067
highest w 0.835752
average w 0.469766
highest w 0.886781
average w 0.403253
highest w 0.013793
average w 0.00826963
highest w 4.74654
average w 2.61899
highest w 4.28451
average w 2.26087
highest w 0.778378
average w 0.54671
highest w 2.4704
average w 1.09878
highest w 2.81344
average w 1.42177
highest w 0.110004
average w 0.0426946
highest w 0.608189
average w 0.321819
highest w 0.369445
average w 0.256883
highest w 2.30133
average w 1.21482
highest w 1.74107
average w 0.837211
highest w 0.0363971
average w 0.0175953
highest w 3.24166
average w 1.83602
highest w 0.48511
average w 0.273166
highest w 12.1897
average w 7.5168
highest w 0.651209
average w 0.362995
highest w 3.61244
average w 1.99838
highest w 0.124482
average w 0.0639882
highest w 0.00739104
average w 0.00425613
highest w 0.1467
average w 0.0846016
highest w 3.58929
average w 1.7862
highest w 0.18215
average w 0.107293
highest w 1.02555
average w 0.578529
highest w 2.11119
average w 1.0455
highest w 0.724544
average w 0.440109
highest w 0.0386827
average w 0.0211448
highest w 0.59704
average w 0.268535
highest w 0.00640251
average w 0.00360397
highest w 0.145652
average w 0.070154
highest w 0.193171
average w 0.120488
highest w 0.000704661
average w 0.00036896
highest w 0.163896
average w 0.0819236
highest w 4.28657
average w 2.21449
highest w 0.273196
average w 0.152192
highest w 0.499815
average w 0.232202
highest w 1.86119
average w 0.964683
highest w 0.0457979
average w 0.0254552
highest w 1.04208
average w 0.664587
highest w 0.0124902
average w 0.00615749
highest w 0.157765
average w 0.0627918
highest w 2.64811
average w 1.45825
highest w 0.16911
average w 0.065675
highest w 0.157207
average w 0.0833479
highest w 0.066556
average w 0.0360039
highest w 0.654786
average w 0.265739
highest w 0.0867519
average w 0.0450329
highest w 0.0471458
average w 0.024985
highest w 0.423101
average w 0.245644
highest w 0.348327
average w 0.162738
highest w 0.00552282
average w 0.00359942
highest w 0.0571918
average w 0.0403908
highest w 0.305749
average w 0.214298
highest w 0.104994
average w 0.0643312
highest w 0.00567146
average w 0.00284129
highest w 0.455662
average w 0.260117
highest w 0.3808
average w 0.225274
highest w 0.729984
average w 0.418665
highest w 0.197296
average w 0.0961828
highest w 0.399341
average w 0.219557
highest w 0.280226
average w 0.151318
highest w 0.000158659
average w 8.01849e-05
highest w 0.408613
average w 0.254862
highest w 0.075792
average w 0.0433341
highest w 0.845462
average w 0.40454
highest w 0.0876108
average w 0.0392172
highest w 2.83066
average w 1.47508
highest w 0.193266
average w 0.100816
highest w 0.384446
average w 0.21806
highest w 1.03358
average w 0.636665
highest w 0.0385258
average w 0.0250141
highest w 0.417393
average w 0.243286
highest w 0.688789
average w 0.361544
highest w 0.0309091
average w 0.0152712
highest w 0.00460454
average w 0.00252975
highest w 0.014278
average w 0.0084334
highest w 0.0321498
average w 0.021667
highest w 0.103069
average w 0.0620713
highest w 0.066216
average w 0.0445053
highest w 0.0164966
average w 0.00840766
highest w 0.457939
average w 0.287099
highest w 2.78028
average w 1.82217
highest w 0.16386
average w 0.100274
highest w 1.53583
average w 1.1025
highest w 0.0279028
average w 0.0138685
highest w 0.0494673
average w 0.0274072
highest w 0.124347
average w 0.0687452
highest w 2.21432
average w 1.27912
highest w 0.286055
average w 0.162417
highest w 0.000237798
average w 0.000128111
highest w 0.00831154
average w 0.00431079
highest w 0.00982492
average w 0.00626847
highest w 3.63925
average w 2.12169
highest w 1.99311
average w 1.43431
highest w 0.0325527
average w 0.022167
highest w 4.99882
average w 3.33926
highest w 0.39725
average w 0.283364
highest w 0.0267079
average w 0.0130076
highest w 1.32028
average w 0.923119
highest w 0.0604532
average w 0.0332034
highest w 0.000285169
average w 0.000152496
highest w 0.0195446
average w 0.0117043
highest w 3.5797
average w 1.67213
highest w 0.051782
average w 0.0272001
highest w 0.126258
average w 0.0640374
highest w 0.138852
average w 0.0779856
highest w 0.208564
average w 0.109684
highest w 0.197627
average w 0.143145
highest w 1.04723
average w 0.627854
highest w 0.0264927
average w 0.0115278
highest w 0.262596
average w 0.121452
highest w 0.0555825
average w 0.0308019
highest w 0.0534911
average w 0.0334098
highest w 0.135522
average w 0.0715739
highest w 0.0238671
average w 0.0128419
highest w 4.86967
average w 2.88697
highest w 0.107973
average w 0.0490305
highest w 0.0472235
average w 0.0270847
highest w 0.779386
average w 0.417549
highest w 0.065753
average w 0.0354983
highest w 1.75191
average w 0.910384
highest w 0.0638048
average w 0.0398802
highest w 1.15273
average w 0.556934
highest w 0.666364
average w 0.302184
highest w 0.0273794
average w 0.019099
highest w 2.41513
average w 1.83304
highest w 0.550291
average w 0.276019
highest w 0.0304979
average w 0.0182907
highest w 1.81569
average w 0.975659
highest w 1.33424
average w 0.777987
highest w 0.0189793
average w 0.0107724
highest w 0.0680873
average w 0.0373484
highest w 0.000278594
average w 0.000150037
highest w 2.95675
average w 1.79215
highest w 0.180357
average w 0.11648
highest w 0.0197707
average w 0.0116933
highest w 0.0332084
average w 0.0219344
highest w 0.0117107
average w 0.00656123
highest w 0.0365563
average w 0.023803
highest w 0.0105953
average w 0.0071397
highest w 0.0580994
average w 0.0326004
highest w 0.00542426
average w 0.00337441
highest w 0.383954
average w 0.256835
highest w 0.554572
average w 0.35792
highest w 3.12586
average w 1.48549
highest w 0.11723
average w 0.0666663
highest w 1.60394
average w 1.0376
highest w 0.040202
average w 0.0238396
highest w 1.35157
average w 0.78213
highest w 0.0459122
average w 0.0320903
highest w 0.288086
average w 0.168234
highest w 0.00243569
average w 0.00127051
highest w 0.000215918
average w 9.4961e-05
highest w 0.156221
average w 0.132577
highest w 8.92643e-07
average w 7.41805e-07
highest w 0.276111
average w 0.191662
highest w 0.0605709
average w 0.0287004
highest w 0.613213
average w 0.305341
highest w 0.0162991
average w 0.00774517
highest w 0.0223541
average w 0.0154551
highest w 0.106155
average w 0.0528211
highest w 0.101942
average w 0.0586738
highest w 0.406562
average w 0.304654
highest w 0.010721
average w 0.00704767
highest w 0.167408
average w 0.0775295
highest w 0.379504
average w 0.218086
highest w 1.83707
average w 0.991854
highest w 2.53579
average w 1.38248
highest w 0.444774
average w 0.252417
highest w 2.07459e-06
average w 1.224e-06
highest w 1.10994
average w 0.645936
highest w 0.326317
average w 0.181542
highest w 2.25661
average w 1.36346
highest w 0.310432
average w 0.16619
highest w 1.07676
average w 0.533687
highest w 0.580261
average w 0.375442
highest w 1.11089
average w 0.659312
highest w 0.301679
average w 0.191337
highest w 0.15114
average w 0.0764673
highest w 0.924107
average w 0.436472
highest w 1.01994
average w 0.726277
highest w 0.0949104
average w 0.0477518
highest w 3.41714
average w 1.57815
highest w 0.413886
average w 0.186116
highest w 0.53435
average w 0.263106
highest w 0.551587
average w 0.293454
highest w 0.0157043
average w 0.010488
highest w 3.32822
average w 1.82023
highest w 5.02851
average w 2.24723
highest w 1.36214
average w 0.801752
highest w 0.122441
average w 0.0642481
highest w 0.0449109
average w 0.0245848
highest w 0.00499747
average w 0.00291278
highest w 0.13056
average w 0.0689616
highest w 0.689842
average w 0.345466
highest w 1.17913
average w 0.871342
highest w 0.000649566
average w 0.000346354
highest w 0.517378
average w 0.28553
highest w 2.55552
average w 1.54946
highest w 3.13827
average w 1.66604
highest w 0.885636
average w 0.373394
highest w 0.0269572
average w 0.0180614
highest w 4.75549
average w 2.50946
highest w 3.54721
average w 1.84277
highest w 1.7591
average w 0.871496
highest w 0.118918
average w 0.0513429
highest w 0.575818
average w 0.254134
highest w 0.357896
average w 0.169788
highest w 0.130709
average w 0.0556716
highest w 0.00165914
average w 0.000716106
highest w 0.864381
average w 0.364887
highest w 0.00216497
average w 0.00109246
highest w 0.00262548
average w 0.00153734
highest w 0.0862544
average w 0.0430755
highest w 0.412964
average w 0.193047
highest w 5.20695
average w 3.13628
highest w 0.000160886
average w 7.94905e-05
highest w 2.72369
average w 1.47579
highest w 0.0272911
average w 0.013426
highest w 2.38047
average w 1.67042
highest w 0.0133108
average w 0.00687574
highest w 0.504215
average w 0.252566
highest w 1.40322
average w 0.738789
highest w 0.100023
average w 0.0582681
highest w 4.42329
average w 2.61346
highest w 0.172411
average w 0.0863255
highest w 0.135903
average w 0.0813243
highest w 0.0687001
average w 0.0335555
highest w 0.448717
average w 0.209993
highest w 0.0292468
average w 0.015999
highest w 0.00622639
average w 0.00342459
highest w 0.001357
average w 0.000690951
highest w 0.173314
average w 0.102263
highest w 1.31167
average w 0.646322
highest w 0.0128919
average w 0.00661358
highest w 0.203121
average w 0.103678
highest w 0.00422641
average w 0.00241917
highest w 0.171153
average w 0.107112
highest w 0.080129
average w 0.0458634
highest w 0.404508
average w 0.207411
highest w 0.44559
average w 0.206312
highest w 0.00175797
average w 0.00134208
highest w 0.29353
average w 0.131458
highest w 1.81213
average w 0.980595
highest w 0.0126395
average w 0.00606076
highest w 0.322537
average w 0.194828
highest w 4.85486
average w 2.64611
highest w 0.00252821
average w 0.00177225
highest w 0.895521
average w 0.705669
highest w 0.0832426
average w 0.0355571
highest w 0.0722174
average w 0.0372468
highest w 0.0035216
average w 0.00142685
highest w 0.508745
average w 0.335506
highest w 0.00569164
average w 0.00321064
highest w 0.125735
average w 0.0667184
highest w 3.4577
average w 1.699
highest w 0.591819
average w 0.308244
highest w 0.0439015
average w 0.0239991
highest w 1.31613
average w 0.75248
highest w 1.50069
average w 0.743881
highest w 0.0582868
average w 0.0265651
highest w 2.98103
average w 1.5549
highest w 0.421355
average w 0.215167
highest w 1.13004
average w 0.624827
highest w 1.88646
average w 1.08499
highest w 0.771081
average w 0.415198
highest w 0.366926
average w 0.188238
highest w 0.524747
average w 0.294216
highest w 1.32622
average w 0.742144
highest w 0.0896276
average w 0.0419299
highest w 0.169235
average w 0.0893725
highest w 0.291939
average w 0.209349
highest w 0.340051
average w 0.19319
highest w 0.270786
average w 0.111787
highest w 2.08698
average w 0.843391
highest w 0.0796832
average w 0.0430084
highest w 0.743626
average w 0.365369
highest w 0.082731
average w 0.0512469
highest w 0.0683883
average w 0.0417854
highest w 0.0415066
average w 0.0244352
highest w 0.00141567
average w 0.000884637
highest w 0.309713
average w 0.185659
highest w 0.0332148
average w 0.0165267
highest w 0.0275814
average w 0.0121278
highest w 0.000556256
average w 0.000330632
highest w 1.09956
average w 0.559202
highest w 5.31494
average w 2.6487
highest w 2.408
average w 0.988908
highest w 0.795982
average w 0.386992
highest w 2.17525
average w 1.36027
highest w 3.95368
average w 2.51361
highest w 8.46376
average w 4.79534
highest w 0.0515928
average w 0.0247834
highest w 0.866641
average w 0.423368
highest w 0.0027317
average w 0.00156001
highest w 0.878541
average w 0.482005
highest w 0.0612476
average w 0.0329916
highest w 5.73923
average w 3.5315
highest w 1.3281
average w 1.00065
highest w 0.743558
average w 0.419114
highest w 0.328559
average w 0.171218
highest w 0.393382
average w 0.213594
highest w 0.229254
average w 0.127694
highest w 0.232354
average w 0.174767
highest w 0.160835
average w 0.0719281
highest w 5.73363
average w 3.47646
highest w 0.839268
average w 0.439283
highest w 1.35416
average w 0.603094
highest w 0.668098
average w 0.309768
highest w 0.0844089
average w 0.046985
highest w 0.000504925
average w 0.000237059
highest w 0.0817614
average w 0.0366236
highest w 0.213839
average w 0.131911
highest w 0.0778586
average w 0.041001
highest w 0.309185
average w 0.182365
highest w 4.0228
average w 2.39484
highest w 0.00309295
average w 0.00176039
highest w 0.00199527
average w 0.00161674
highest w 2.22141
average w 1.19177
highest w 0.272759
average w 0.185033
highest w 0.0811349
average w 0.0554259
highest w 0.765812
average w 0.480894
highest w 0.00401317
average w 0.00224659
highest w 0.407051
average w 0.263591
highest w 4.75168e-05
average w 2.97345e-05
highest w 0.0231773
average w 0.0119187
highest w 0.0214606
average w 0.0122293
highest w 0.00108321
average w 0.000660105
highest w 0.157261
average w 0.0891632
highest w 0.162421
average w 0.0790942
highest w 0.0258069
average w 0.0143271
highest w 0.231062
average w 0.141374
highest w 2.48294
average w 1.41381
highest w 0.620194
average w 0.282068
highest w 2.23489
average w 1.24343
highest w 4.13952
average w 2.02545
highest w 0.0221309
average w 0.0106822
highest w 5.97056
average w 3.735
highest w 0.747678
average w 0.393561
highest w 0.362609
average w 0.202621
highest w 0.00100848
average w 0.000534488
highest w 1.53804
average w 0.692866
highest w 0.0900307
average w 0.0538035
highest w 3.62072
average w 2.0444
highest w 0.189883
average w 0.126615
highest w 0.509792
average w 0.27719
highest w 0.403697
average w 0.227147
highest w 0.978238
average w 0.497171
highest w 0.0305893
average w 0.015161
highest w 0.34117
average w 0.177334
highest w 4.44534
average w 2.88467
highest w 0.175548
average w 0.0841322
highest w 0.0168306
average w 0.00881867
highest w 0.192192
average w 0.0918305
highest w 0.131921
average w 0.079978
highest w 0.0817054
average w 0.0399375
highest w 0.058589
average w 0.0270698
highest w 0.812059
average w 0.383731
highest w 0.479387
average w 0.225438
highest w 1.34178
average w 0.830993
highest w 0.833966
average w 0.409085
highest w 1.30955
average w 0.595586
highest w 0.0909206
average w 0.0521615
highest w 0.0194104
average w 0.00943857
highest w 0.748954
average w 0.435201
highest w 0.128589
average w 0.086237
highest w 2.15336
average w 1.21461
highest w 3.05844
average w 1.48867
highest w 0.0818859
average w 0.0568614
highest w 0.155778
average w 0.0822458
highest w 0.0499297
average w 0.0311973
highest w 0.0182845
average w 0.01313
highest w 0.00409214
average w 0.00220836
highest w 0.0228371
average w 0.0132108
highest w 0.413571
average w 0.223525
highest w 0.355906
average w 0.169349
highest w 0.248498
average w 0.160133
highest w 0.72636
average w 0.408341
highest w 2.8997
average w 1.63224
highest w 0.606918
average w 0.309829
highest w 1.74829
average w 0.948223
highest w 0.270406
average w 0.158026
highest w 3.02738
average w 1.47146
highest w 0.588067
average w 0.384641
highest w 0.0268223
average w 0.0130751
highest w 0.000982522
average w 0.000512122
highest w 1.32549
average w 0.885624
highest w 0.666615
average w 0.360633
highest w 1.17835
average w 0.665297
highest w 0.612254
average w 0.336098
highest w 1.36439
average w 0.647688
highest w 0.249248
average w 0.107247
highest w 3.14435
average w 1.92265
highest w 0.397029
average w 0.228999
highest w 0.0225896
average w 0.015692
highest w 0.864842
average w 0.458142
highest w 0.366199
average w 0.166826
highest w 0.494031
average w 0.245195
highest w 1.10638
average w 0.58745
highest w 2.24765
average w 1.16237
highest w 0.0193464
average w 0.00902178
highest w 0.189871
average w 0.125532
highest w 1.5808
average w 0.746653
highest w 0.0304466
average w 0.0178063
highest w 0.261689
average w 0.131912
highest w 0.0402034
average w 0.0192608
highest w 0.499096
average w 0.319891
highest w 0.0433185
average w 0.032535
highest w 1.8143
average w 1.12445
highest w 0.327943
average w 0.17586
highest w 0.000857344
average w 0.000412937
highest w 0.406165
average w 0.169112
highest w 0.0753607
average w 0.0401218
highest w 0.028814
average w 0.013219
highest w 0.106951
average w 0.0658109
highest w 0.00133134
average w 0.000622103
highest w 0.0486778
average w 0.0256667
highest w 0.0147685
average w 0.00655441
highest w 0.0281583
average w 0.0185083
highest w 0.0218031
average w 0.016648
highest w 0.145496
average w 0.0987396
highest w 1.94655
average w 1.17947
highest w 0.0910388
average w 0.0687431
highest w 0.00219919
average w 0.00125623
highest w 0.0272711
average w 0.0166395
highest w 0.381405
average w 0.217884
highest w 0.600536
average w 0.335398
highest w 0.659707
average w 0.406648
highest w 0.678762
average w 0.353241
highest w 0.017374
average w 0.014276
highest w 0.453075
average w 0.305452
highest w 0.00201259
average w 0.00125771
highest w 0.154865
average w 0.0952773
highest w 0.00759333
average w 0.00453182
highest w 12.405
average w 7.07312
highest w 0.886137
average w 0.498152
highest w 0.334203
average w 0.148081
highest w 0.0139995
average w 0.00873973
highest w 0.00897783
average w 0.00447607
highest w 0.0221091
average w 0.0129584
highest w 0.757777
average w 0.483908
highest w 0.00131339
average w 0.000684345
highest w 0.00656663
average w 0.00390902
highest w 0.0102456
average w 0.00471997
highest w 0.025893
average w 0.0137703
highest w 4.68216
average w 2.64664
highest w 0.000935204
average w 0.000585056
highest w 0.364218
average w 0.201196
highest w 0.0022776
average w 0.00117064
highest w 0.987066
average w 0.490611
highest w 0.0850288
average w 0.0443117
highest w 0.420319
average w 0.217541
highest w 0.00574727
average w 0.0032712
highest w 0.0102124
average w 0.00532889
highest w 0.0050781
average w 0.00326726
highest w 1.65075
average w 1.0672
highest w 0.0199452
average w 0.0151229
highest w 0.00662282
average w 0.00343155
highest w 0.0419144
average w 0.0287481
highest w 0.00387476
average w 0.00204362
highest w 0.172401
average w 0.0850757
highest w 0.0324564
average w 0.0164972
highest w 0.489469
average w 0.196129
highest w 0.840836
average w 0.5026
highest w 0.0379914
average w 0.0191234
highest w 0.00155096
average w 0.000891629
highest w 0.932878
average w 0.495182
highest w 0.00602235
average w 0.00371551
highest w 0.15474
average w 0.0776712
highest w 1.51138
average w 0.860364
highest w 2.28351
average w 1.09895
highest w 0.014875
average w 0.00689687
highest w 0.0618267
average w 0.0363289
highest w 0.0536994
average w 0.0289442
highest w 0.115861
average w 0.0751361
highest w 0.0177729
average w 0.00985188
highest w 0.0239927
average w 0.0105762
highest w 5.73349
average w 3.18738
highest w 0.0242775
average w 0.0148264
highest w 0.46975
average w 0.222194
highest w 0.0816398
average w 0.050088
highest w 0.138406
average w 0.104987
highest w 0.0495478
average w 0.0335236
highest w 0.0144082
average w 0.00731868
highest w 0.332429
average w 0.244096
highest w 0.169917
average w 0.128189
highest w 0.210778
average w 0.137192
highest w 0.0771937
average w 0.0481389
highest w 0.0939814
average w 0.0557715
highest w 0.154097
average w 0.0712542
highest w 14.1207
average w 8.46544
highest w 0.186647
average w 0.10299
highest w 0.0188802
average w 0.0123031
highest w 0.018159
average w 0.0112423
highest w 0.0378469
average w 0.0262926
highest w 1.31172
average w 0.838329
highest w 0.0446379
average w 0.0318201
highest w 3.34588
average w 1.7422
highest w 0.250469
average w 0.147598
highest w 0.964844
average w 0.619344
highest w 0.101817
average w 0.0501567
highest w 0.00142141
average w 0.000681679
highest w 0.271357
average w 0.1341
highest w 0.0330568
average w 0.0174784
highest w 4.18766
average w 2.33798
highest w 2.86597
average w 1.74302
highest w 0.334258
average w 0.186992
highest w 0.259593
average w 0.150102
highest w 1.12999
average w 0.554098
highest w 0.578815
average w 0.28369
highest w 1.97009
average w 1.19404
highest w 0.921885
average w 0.569725
highest w 0.694153
average w 0.440109
highest w 3.57128
average w 1.48924
highest w 0.752061
average w 0.426943
highest w 0.988918
average w 0.499961
highest w 2.33045
average w 1.16989
highest w 0.0386355
average w 0.0226931
highest w 0.085413
average w 0.0376538
highest w 0.0129571
average w 0.00783528
highest w 0.605145
average w 0.42006
highest w 3.50542
average w 1.72244
highest w 0.0347756
average w 0.0162249
highest w 0.296659
average w 0.145743
highest w 3.16178
average w 1.41357
highest w 0.687642
average w 0.307269
highest w 0.0254668
average w 0.0155517
highest w 0.370825
average w 0.182709
highest w 0.728317
average w 0.437472
highest w 0.329562
average w 0.150044
highest w 1.05252
average w 0.510822
highest w 0.270192
average w 0.141845
highest w 1.24164
average w 0.59786
highest w 0.123084
average w 0.0761195
highest w 2.70674
average w 1.29834
highest w 0.13395
average w 0.0694827
highest w 1.10243
average w 0.520598
highest w 0.189884
average w 0.142752
highest w 2.78782
average w 1.32736
highest w 2.81287
average w 1.50433
highest w 0.00329739
average w 0.00177615
highest w 0.463514
average w 0.246434
highest w 0.209988
average w 0.124424
highest w 0.0297749
average w 0.0159444
highest w 0.816459
average w 0.423522
highest w 0.00179344
average w 0.000963301
highest w 1.66302
average w 0.81639
highest w 0.286324
average w 0.172596
highest w 0.0129005
average w 0.00714823
highest w 1.01575
average w 0.523678
highest w 6.10494
average w 2.72795
highest w 0.0208067
average w 0.0133439
highest w 0.212027
average w 0.0944958
highest w 0.172796
average w 0.0762511
highest w 0.320518
average w 0.182279
highest w 0.058557
average w 0.0319855
highest w 0.0673741
average w 0.0337477
highest w 0.866833
average w 0.4301
highest w 3.67649
average w 2.19403
highest w 3.87207
average w 1.87678
highest w 1.64025
average w 0.878775
highest w 1.25507
average w 0.802673
highest w 1.01657
average w 0.536038
highest w 0.611138
average w 0.288948
highest w 3.87525
average w 2.02778
highest w 1.71049
average w 0.896912
highest w 0.397173
average w 0.199669
highest w 0.133898
average w 0.0608462
highest w 0.0134562
average w 0.00627002
highest w 0.10948
average w 0.0629115
highest w 0.0200214
average w 0.0101997
highest w 0.0791891
average w 0.0438026
highest w 0.585596
average w 0.341238
highest w 0.0254917
average w 0.0122953
highest w 0.293726
average w 0.153347
highest w 0.333573
average w 0.212081
highest w 0.528409
average w 0.346334
highest w 0.035998
average w 0.0228808
highest w 0.0488136
average w 0.0228597
highest w 1.70294
average w 0.939919
highest w 0.0314965
average w 0.0129477
highest w 0.128777
average w 0.0814876
highest w 0.337221
average w 0.160993
highest w 4.74379
average w 2.56396
highest w 2.95726
average w 1.38646
highest w 0.293188
average w 0.159868
highest w 1.6686
average w 0.727069
highest w 0.448556
average w 0.202914
highest w 0.0122317
average w 0.00697934
highest w 1.49359
average w 0.635921
highest w 0.478856
average w 0.298142
highest w 0.00973089
average w 0.00457525
highest w 0.471771
average w 0.292948
highest w 0.460459
average w 0.236691
highest w 0.589757
average w 0.336746
highest w 0.00369416
average w 0.00164011
highest w 4.32658
average w 2.61371
highest w 2.40628
average w 1.14799
highest w 3.34672
average w 1.32079
highest w 0.288987
average w 0.132711
highest w 0.011108
average w 0.00583282
highest w 1.70724
average w 0.806035
highest w 0.438192
average w 0.249574
highest w 0.0217137
average w 0.0137678
highest w 0.186419
average w 0.0952798
highest w 0.222952
average w 0.137799
highest w 0.0706603
average w 0.0296842
highest w 0.0668338
average w 0.0343211
highest w 0.000143243
average w 8.49624e-05
highest w 0.0110083
average w 0.00660776
highest w 0.517324
average w 0.324174
highest w 1.97613
average w 0.941594
highest w 0.466158
average w 0.27765
highest w 0.0773515
average w 0.037692
highest w 1.39724
average w 0.85788
highest w 0.382912
average w 0.210104
highest w 0.149135
average w 0.0799574
highest w 0.0931056
average w 0.0448154
highest w 0.0411304
average w 0.0221304
highest w 3.28674
average w 1.50723
highest w 1.84605
average w 0.817508
highest w 0.122922
average w 0.0667057
highest w 0.567009
average w 0.288397
highest w 0.569275
average w 0.297038
highest w 0.159292
average w 0.090727
highest w 0.24248
average w 0.139815
highest w 0.0317984
average w 0.0141616
highest w 0.00743356
average w 0.00511834
highest w 4.06246
average w 2.83772
highest w 0.21237
average w 0.127547
highest w 0.353897
average w 0.200101
highest w 0.021386
average w 0.00871055
highest w 0.0107919
average w 0.00668956
highest w 4.7099
average w 2.79558
highest w 1.04904
average w 0.596279
highest w 1.19462
average w 0.723047
highest w 0.0605989
average w 0.0400912
highest w 0.00875833
average w 0.00648643
highest w 2.16313
average w 1.26794
highest w 0.00452652
average w 0.00240593
highest w 0.265032
average w 0.190772
highest w 0.257676
average w 0.134116
highest w 0.0146093
average w 0.0079969
highest w 0.248896
average w 0.155511
highest w 0.00290201
average w 0.00157851
highest w 0.776586
average w 0.467602
highest w 2.17648
average w 1.39998
highest w 0.00260906
average w 0.00120419
highest w 0.0745309
average w 0.0437065
highest w 0.00320976
average w 0.00173961
highest w 1.18833
average w 0.626871
highest w 0.0216146
average w 0.0107568
highest w 0.00471092
average w 0.00302971
highest w 4.97549
average w 3.24191
highest w 0.0414231
average w 0.0294262
highest w 0.00439391
average w 0.0036166
highest w 0.0198763
average w 0.015093
highest w 0.269749
average w 0.139263
highest w 0.00878966
average w 0.00506174
highest w 0.0867639
average w 0.0486407
highest w 0.000103446
average w 5.73433e-05
highest w 0.161073
average w 0.111258
highest w 0.000198229
average w 9.98157e-05
highest w 0.0940735
average w 0.0507899
highest w 3.31478e-05
average w 1.91091e-05
highest w 0.0668105
average w 0.0319713
highest w 0.0137592
average w 0.00783455
highest w 0.317065
average w 0.163185
highest w 11.5872
average w 6.62687
highest w 0.0976329
average w 0.0573936
highest w 0.555731
average w 0.326349
highest w 0.0273667
average w 0.0193621
highest w 0.553118
average w 0.356705
highest w 0.088417
average w 0.0534711
highest w 0.0229709
average w 0.0120003
highest w 0.887482
average w 0.628372
highest w 2.43926
average w 1.40329
highest w 5.01783
average w 2.6007
highest w 0.370209
average w 0.212146
highest w 0.902401
average w 0.507297
highest w 0.561367
average w 0.312305
highest w 0.066462
average w 0.0347379
highest w 0.217424
average w 0.141799
highest w 0.00736828
average w 0.00506325
highest w 0.348129
average w 0.206666
highest w 0.960252
average w 0.552404
highest w 0.989368
average w 0.621712
highest w 0.0503949
average w 0.0226713
highest w 0.0075939
average w 0.00532739
highest w 0.0871034
average w 0.050555
highest w 0.0030464
average w 0.00157296
highest w 0.00652753
average w 0.00292777
highest w 0.87098
average w 0.511241
highest w 0.147613
average w 0.113193
highest w 0.000309096
average w 0.000187572
highest w 8.46919e-06
average w 4.38093e-06
highest w 0.0296145
average w 0.0199611
highest w 0.0026318
average w 0.00183258
highest w 0.639141
average w 0.342648
highest w 0.0019183
average w 0.00116029
highest w 0.104205
average w 0.0588332
highest w 1.71917e-06
average w 1.10131e-06
highest w 0.000514315
average w 0.000290212
highest w 0.168692
average w 0.10031
highest w 0.24629
average w 0.128063
highest w 0.211106
average w 0.121165
highest w 7.75939
average w 4.94014
highest w 0.0429972
average w 0.0249058
highest w 0.00192251
average w 0.000984341
highest w 6.37454e-10
average w 4.06904e-10
highest w 0.0321407
average w 0.0194002
highest w 0.0283013
average w 0.0152656
highest w 0.258945
average w 0.158989
highest w 0.0579742
average w 0.0288787
highest w 0.0354704
average w 0.0232463
highest w 0.00439498
average w 0.00372083
highest w 0.0323234
average w 0.0176296
highest w 0.0293332
average w 0.0162355
highest w 0.0109035
average w 0.00710975
highest w 0.0594367
average w 0.0360525
highest w 1.80498
average w 1.10851
highest w 0.353769
average w 0.210947
highest w 0.647201
average w 0.482331
highest w 0.0340378
average w 0.0237903
highest w 5.3404e-06
average w 3.82504e-06
highest w 0.0107279
average w 0.00720895
highest w 0.26107
average w 0.143389
highest w 0.209438
average w 0.119227
highest w 1.26237
average w 0.812063
highest w 0.000676013
average w 0.000400588
highest w 0.00705638
average w 0.00464284
highest w 3.39984
average w 2.22285
highest w 0.0194649
average w 0.0143934
highest w 0.00077085
average w 0.000537728
highest w 0.677573
average w 0.40161
highest w 0.0164646
average w 0.00913733
highest w 0.279139
average w 0.174051
highest w 0.0179818
average w 0.00896572
highest w 0.0153294
average w 0.00828302
highest w 0.0285484
average w 0.0161574
highest w 0.186906
average w 0.134299
highest w 0.12718
average w 0.0945643
highest w 0.160005
average w 0.0853194
highest w 0.918962
average w 0.649177
highest w 0.00630329
average w 0.00465532
highest w 0.181904
average w 0.107954
highest w 0.349071
average w 0.163714
highest w 0.650725
average w 0.495603
highest w 0.0423842
average w 0.0246611
highest w 0.00791734
average w 0.00399522
highest w 0.644988
average w 0.462057
highest w 0.00136541
average w 0.000958269
highest w 0.00519292
average w 0.00299579
highest w 1.77772
average w 1.24865
highest w 0.466936
average w 0.372076
highest w 0.88037
average w 0.430236
highest w 0.00339734
average w 0.00191046
highest w 0.0503767
average w 0.0323458
highest w 0.838297
average w 0.36417
highest w 0.0669049
average w 0.0467954
highest w 0.00992502
average w 0.00521976
highest w 1.29311
average w 0.678415
highest w 3.24969
average w 1.31048
highest w 0.000541366
average w 0.000253484
highest w 0.0266226
average w 0.0155535
highest w 0.754583
average w 0.391238
highest w 0.082417
average w 0.051243
highest w 6.12868
average w 2.86156
highest w 2.4953
average w 1.25451
highest w 0.000751781
average w 0.000436609
highest w 2.33632
average w 1.01889
highest w 0.0640732
average w 0.0316169
highest w 2.00535
average w 1.14045
highest w 0.226265
average w 0.144989
highest w 2.78412
average w 1.46773
highest w 2.90879
average w 1.19083
highest w 0.97631
average w 0.480478
highest w 0.230346
average w 0.135171
highest w 0.655289
average w 0.338262
highest w 1.03488
average w 0.518796
highest w 0.226904
average w 0.0967513
highest w 3.67408
average w 2.45172
highest w 3.27647
average w 1.81186
highest w 0.00443837
average w 0.0025292
highest w 0.361352
average w 0.220235
highest w 0.628098
average w 0.361349
highest w 0.119294
average w 0.0646682
highest w 0.176279
average w 0.109586
highest w 0.827622
average w 0.410521
highest w 0.871028
average w 0.553212
highest w 1.50889
average w 0.811868
highest w 0.401024
average w 0.269937
highest w 4.80379
average w 2.00469
highest w 1.17462
average w 0.521614
highest w 0.136261
average w 0.0655517
highest w 0.278938
average w 0.155608
highest w 0.146585
average w 0.0582081
highest w 0.163241
average w 0.0902863
highest w 2.39026
average w 1.13061
highest w 0.770975
average w 0.407586
highest w 1.46487
average w 0.65062
highest w 1.63652
average w 0.847976
highest w 0.927099
average w 0.45014
highest w 0.019965
average w 0.0105698
highest w 0.400301
average w 0.280025
highest w 0.865947
average w 0.40431
highest w 3.74297
average w 2.47744
highest w 5.59331
average w 3.06998
highest w 0.12305
average w 0.0638663
highest w 0.165272
average w 0.101872
highest w 0.248426
average w 0.13216
highest w 0.128845
average w 0.0748242
highest w 4.67336
average w 2.6825
highest w 0.10922
average w 0.050263
highest w 2.02928
average w 1.1036
highest w 0.47514
average w 0.210058
highest w 0.0651
average w 0.0320611
highest w 0.434558
average w 0.184698
highest w 0.567367
average w 0.257928
highest w 0.623264
average w 0.370118
highest w 0.691093
average w 0.377737
highest w 0.0728774
average w 0.0326535
highest w 2.4695
average w 1.24721
highest w 0.723094
average w 0.344829
highest w 2.0531
average w 0.954018
highest w 3.55631
average w 1.96534
highest w 0.00922624
average w 0.00529399
highest w 0.807393
average w 0.369889
highest w 0.408454
average w 0.209694
highest w 0.298964
average w 0.16227
highest w 0.00784794
average w 0.00538963
highest w 0.904771
average w 0.500993
highest w 0.102684
average w 0.048716
highest w 1.62211
average w 0.759576
highest w 0.319021
average w 0.158465
highest w 2.12963
average w 1.4595
highest w 2.78965
average w 1.6344
highest w 0.366627
average w 0.250526
highest w 0.00433902
average w 0.00236787
highest w 0.0245961
average w 0.0158989
highest w 4.46217
average w 1.9883
highest w 0.564021
average w 0.326765
highest w 1.42016
average w 0.975119
highest w 1.38461
average w 0.711428
highest w 0.0352301
average w 0.01862
highest w 0.23474
average w 0.119214
highest w 0.030736
average w 0.0170069
highest w 0.0206303
average w 0.00968458
highest w 0.51094
average w 0.256407
highest w 0.213698
average w 0.120204
highest w 0.0454013
average w 0.0213657
highest w 0.795662
average w 0.47965
highest w 0.0200752
average w 0.0121121
highest w 9.34452e-05
average w 5.2359e-05
highest w 5.86485
average w 3.28912
highest w 0.00825031
average w 0.00413732
highest w 0.048952
average w 0.0321904
highest w 0.00324858
average w 0.00183078
highest w 0.644127
average w 0.387383
highest w 0.399639
average w 0.255103
highest w 0.00767441
average w 0.00494105
highest w 1.36482
average w 0.715948
highest w 0.118958
average w 0.0584067
highest w 5.03976
average w 2.87075
highest w 0.0175678
average w 0.0155923
highest w 0.0324222
average w 0.0196145
highest w 1.24296
average w 0.775215
highest w 0.245596
average w 0.145796
highest w 0.0916343
average w 0.05405
highest w 0.1969
average w 0.10403
highest w 0.00833873
average w 0.00456391
highest w 0.176602
average w 0.102457
highest w 0.177417
average w 0.098709
highest w 0.0871389
average w 0.0440288
highest w 0.0840663
average w 0.061357
highest w 0.00125267
average w 0.000668859
highest w 0.0117266
average w 0.00704667
highest w 0.0103829
average w 0.00561313
highest w 0.453826
average w 0.322012
highest w 0.200555
average w 0.105237
highest w 0.000179133
average w 9.11491e-05
highest w 0.395524
average w 0.18454
highest w 0.555179
average w 0.260201
highest w 0.0507446
average w 0.0266527
highest w 0.0339215
average w 0.021785
highest w 2.2196
average w 1.04512
highest w 0.00493458
average w 0.00236405
highest w 0.539734
average w 0.284444
highest w 0.280276
average w 0.120874
highest w 0.00896545
average w 0.00530569
highest w 0.0411895
average w 0.0192736
highest w 0.257832
average w 0.179078
highest w 0.0800053
average w 0.0509509
highest w 0.118778
average w 0.075223
highest w 2.80115
average w 1.4995
highest w 0.282256
average w 0.165142
highest w 0.0223695
average w 0.0147426
highest w 0.0411627
average w 0.0221008
highest w 0.654628
average w 0.402515
highest w 0.0748278
average w 0.0419454
highest w 0.0581379
average w 0.0287667
highest w 0.0584609
average w 0.0270818
highest w 0.170954
average w 0.0966725
highest w 0.00172099
average w 0.000996098
highest w 0.0404925
average w 0.0199977
highest w 0.140484
average w 0.0803209
highest w 0.532932
average w 0.350831
highest w 0.0194593
average w 0.0121858
highest w 0.1235
average w 0.0706168
highest w 0.00953321
average w 0.00592917
highest w 0.437143
average w 0.411825
highest w 0.0243154
average w 0.0163232
highest w 1.06595
average w 0.696672
highest w 0.00319826
average w 0.00160273
highest w 0.174059
average w 0.0750668
highest w 0.221851
average w 0.133981
highest w 0.0451426
average w 0.0248854
highest w 0.0523755
average w 0.0354628
highest w 0.0293128
average w 0.0204231
highest w 0.170926
average w 0.0929419
highest w 0.240039
average w 0.162324
highest w 1.2983
average w 0.55139
highest w 0.011206
average w 0.00733297
highest w 0.0996142
average w 0.061794
highest w 0.0501905
average w 0.0251819
highest w 0.0411064
average w 0.0276102
highest w 0.000268479
average w 0.000211299
highest w 0.00153723
average w 0.000755468
highest w 0.00582432
average w 0.00329172
highest w 0.00376902
average w 0.00186333
highest w 0.254586
average w 0.13969
highest w 0.114438
average w 0.0634223
highest w 0.372038
average w 0.223008
highest w 0.026228
average w 0.0155159
highest w 0.0840738
average w 0.0666483
highest w 0.0465814
average w 0.0238584
highest w 0.072602
average w 0.0388128
highest w 0.188711
average w 0.120204
highest w 0.022023
average w 0.0138208
highest w 0.149603
average w 0.100598
highest w 0.000279088
average w 0.000167509
highest w 0.000408754
average w 0.000300402
highest w 0.0694707
average w 0.0493464
highest w 0.218453
average w 0.134205
highest w 0.673469
average w 0.372146
highest w 0.0203681
average w 0.0128958
highest w 0.175893
average w 0.110816
highest w 0.000200947
average w 0.000150016
highest w 0.000657543
average w 0.000380498
highest w 0.00680591
average w 0.00310942
highest w 0.190388
average w 0.104192
highest w 1.79761
average w 1.24032
highest w 0.122484
average w 0.109362
highest w 0.0036047
average w 0.00181821
highest w 0.0717452
average w 0.0399805
highest w 0.00522415
average w 0.0035329
highest w 0.00698404
average w 0.00503655
highest w 0.00102459
average w 0.00102459
highest w 0.0646894
average w 0.0611515
highest w 0.0453986
average w 0.02603
highest w 0.0853351
average w 0.0515957
highest w 0.0161956
average w 0.00946421
highest w 0.118907
average w 0.0728674
highest w 0.00462914
average w 0.00209309
highest w 0.429647
average w 0.207838
highest w 0.0144088
average w 0.00995239
highest w 0.000666279
average w 0.000371535
highest w 0.02835
average w 0.0157031
highest w 0.135187
average w 0.0753029
highest w 0.0049651
average w 0.00301899
highest w 1.11858
average w 0.574051
highest w 1.46324
average w 0.983449
highest w 0.0321337
average w 0.0178654
highest w 0.0287504
average w 0.0137959
highest w 0.0311141
average w 0.0209053
highest w 0.000374487
average w 0.0002809
highest w 0.0117099
average w 0.00600566
highest w 0.133932
average w 0.0787932
highest w 0.00293341
average w 0.00167235
highest w 0.460149
average w 0.219009
highest w 0.0104488
average w 0.00613474
highest w 0.00128925
average w 0.00065602
highest w 0.119082
average w 0.0658476
highest w 1.06555
average w 0.586927
highest w 0.0136658
average w 0.0072417
highest w 0.106654
average w 0.0609071
highest w 0.00601328
average w 0.00311824
highest w 0.830785
average w 0.494726
highest w 0.0915494
average w 0.0486549
highest w 0.00154737
average w 0.000747953
highest w 0.153626
average w 0.0848754
highest w 0.502969
average w 0.235835
highest w 0.578259
average w 0.356062
highest w 7.96441
average w 4.2729
highest w 2.97174
average w 1.50077
highest w 10.3084
average w 5.66726
highest w 1.16936
average w 0.543529
highest w 5.55436
average w 3.16761
highest w 0.127456
average w 0.0736578
highest w 3.44676
average w 2.05689
highest w 0.219515
average w 0.125152
highest w 0.0352975
average w 0.0189525
highest w 0.00790901
average w 0.00477738
highest w 0.051714
average w 0.0329788
highest w 0.832554
average w 0.398127
highest w 0.00355898
average w 0.00149769
highest w 0.000481119
average w 0.000267059
highest w 0.0763291
average w 0.0452238
highest w 0.0506636
average w 0.0265108
highest w 0.22515
average w 0.0848498
highest w 1.77588
average w 1.15574
highest w 0.0345776
average w 0.0191218
highest w 0.128913
average w 0.0585923
highest w 0.392083
average w 0.201799
highest w 2.42944
average w 1.6721
highest w 0.0999772
average w 0.0555086
highest w 0.0754816
average w 0.0348105
highest w 0.0493221
average w 0.0347957
highest w 0.0600896
average w 0.0359869
highest w 4.48831e-06
average w 2.93882e-06
highest w 0.0223845
average w 0.0132335
highest w 0.0401426
average w 0.0176991
highest w 1.37944
average w 0.762888
highest w 0.0999891
average w 0.0575969
highest w 3.80777
average w 2.38376
highest w 0.763975
average w 0.367137
highest w 0.00109299
average w 0.000463233
highest w 0.986849
average w 0.519676
highest w 0.00351667
average w 0.00161621
highest w 0.0118768
average w 0.00551823
highest w 0.669874
average w 0.266693
highest w 1.61649
average w 0.821976
highest w 0.869425
average w 0.482731
highest w 0.534311
average w 0.246753
highest w 0.0192212
average w 0.0115297
highest w 0.0396059
average w 0.0247833
highest w 0.266766
average w 0.166452
highest w 2.59043
average w 1.16399
highest w 1.0161
average w 0.600588
highest w 0.0961243
average w 0.0514792
highest w 0.781191
average w 0.394405
highest w 0.043065
average w 0.0234828
highest w 0.483416
average w 0.277974
highest w 1.13501
average w 0.747011
highest w 1.83743
average w 1.16396
highest w 0.333785
average w 0.129957
highest w 0.0844113
average w 0.0438725
highest w 0.105084
average w 0.0533297
highest w 0.216171
average w 0.110287
highest w 0.156981
average w 0.0907481
highest w 0.00863822
average w 0.00483941
highest w 0.545916
average w 0.346156
highest w 0.17023
average w 0.109371
highest w 0.0346983
average w 0.0192046
highest w 0.272429
average w 0.141259
highest w 0.320552
average w 0.167705
highest w 1.60934
average w 1.08242
highest w 0.0540598
average w 0.034297
highest w 0.213795
average w 0.105068
highest w 0.0828136
average w 0.0475784
highest w 0.0202386
average w 0.0129864
highest w 0.518106
average w 0.238127
highest w 0.0164674
average w 0.0100346
highest w 0.168269
average w 0.101696
highest w 6.41026
average w 2.91317
highest w 0.568825
average w 0.297498
highest w 0.0319321
average w 0.0157118
highest w 1.9321
average w 1.28232
highest w 0.17614
average w 0.115514
highest w 1.18796
average w 0.46602
highest w 0.353735
average w 0.174654
highest w 0.309693
average w 0.178122
highest w 0.326112
average w 0.225262
highest w 0.953796
average w 0.607261
highest w 1.30023
average w 0.8374
highest w 0.0210266
average w 0.00898093
highest w 0.000733382
average w 0.000506541
highest w 0.00512598
average w 0.00287594
highest w 1.53727
average w 0.754759
highest w 1.21509
average w 0.649451
highest w 0.0697253
average w 0.0452718
highest w 2.10919
average w 1.05118
highest w 1.71118
average w 0.981685
highest w 0.24036
average w 0.134109
highest w 0.67604
average w 0.435233
highest w 0.00372883
average w 0.00168184
highest w 5.16917
average w 2.90178
highest w 0.306911
average w 0.159574
highest w 1.01195
average w 0.542632
highest w 0.411151
average w 0.218579
highest w 0.705788
average w 0.451723
highest w 0.0455088
average w 0.0258497
highest w 0.111832
average w 0.0728688
highest w 10.9242
average w 6.24537
highest w 0.000264996
average w 0.000124774
highest w 0.0025948
average w 0.00165187
highest w 2.3316
average w 1.25553
highest w 0.320525
average w 0.172388
highest w 1.81107
average w 1.05043
highest w 0.23347
average w 0.127123
highest w 0.803463
average w 0.432404
highest w 0.00588475
average w 0.0030267
highest w 0.448313
average w 0.205788
highest w 0.770242
average w 0.360991
highest w 0.0578883
average w 0.0380411
highest w 0.00597748
average w 0.00362098
highest w 0.0301139
average w 0.0239142
highest w 0.285688
average w 0.187511
highest w 2.3983
average w 1.23503
highest w 0.877554
average w 0.488077
highest w 2.23052
average w 1.14407
highest w 2.05944
average w 0.992569
highest w 0.00864314
average w 0.00456743
highest w 0.0329739
average w 0.0200553
highest w 0.0810981
average w 0.0380237
highest w 2.02405
average w 1.03165
highest w 0.0114382
average w 0.00461374
highest w 0.000216209
average w 0.00011755
highest w 0.0109081
average w 0.00681883
highest w 0.0116105
average w 0.00520762
highest w 0.0449757
average w 0.0294984
highest w 0.927688
average w 0.600161
highest w 0.26897
average w 0.156677
highest w 2.39389
average w 1.38356
highest w 0.00318528
average w 0.00173217
highest w 0.158011
average w 0.098951
highest w 0.111163
average w 0.0604518
highest w 0.0554667
average w 0.038026
highest w 0.0413513
average w 0.0214502
highest w 0.158237
average w 0.0740783
highest w 0.147489
average w 0.0757472
highest w 1.88298
average w 0.998715
highest w 0.0136306
average w 0.00825015
highest w 0.140526
average w 0.0847207
highest w 1.29211
average w 0.729373
highest w 0.736552
average w 0.475639
highest w 0.290389
average w 0.189184
highest w 0.00178005
average w 0.00108599
highest w 0.0463952
average w 0.0280034
highest w 0.154687
average w 0.0865514
highest w 0.08857
average w 0.055961
highest w 4.26543
average w 2.88581
highest w 0.0751758
average w 0.0386128
highest w 1.38729
average w 0.847437
highest w 2.14344
average w 0.744182
highest w 13.2304
average w 8.18388
highest w 1.58189
average w 0.81106
highest w 2.11895
average w 1.1608
highest w 3.18452
average w 1.55327
highest w 4.01694
average w 1.70955
highest w 0.272115
average w 0.14396
highest w 0.0226586
average w 0.0114901
highest w 0.0256602
average w 0.015787
highest w 0.0171736
average w 0.00679865
highest w 0.0520416
average w 0.0225736
highest w 0.137373
average w 0.0712832
highest w 1.17059
average w 0.676852
highest w 0.158767
average w 0.0980378
highest w 0.531654
average w 0.268033
highest w 0.0581648
average w 0.0241301
highest w 0.526689
average w 0.306343
highest w 0.137283
average w 0.0550835
highest w 6.3701
average w 4.0362
highest w 0.186324
average w 0.0974684
highest w 0.0313633
average w 0.0132891
highest w 0.0102942
average w 0.004886
highest w 0.358067
average w 0.190447
highest w 0.742008
average w 0.498607
highest w 0.198073
average w 0.143186
highest w 1.95816
average w 1.18368
highest w 5.26882
average w 3.08675
highest w 0.0451663
average w 0.0209827
highest w 0.097263
average w 0.0538332
highest w 0.0620238
average w 0.0432316
highest w 0.275466
average w 0.143915
highest w 6.13134
average w 2.45657
highest w 3.16757
average w 1.75752
highest w 0.000520812
average w 0.000353138
highest w 0.0297206
average w 0.0154961
highest w 1.52816
average w 0.975511
highest w 0.533167
average w 0.32447
highest w 0.0221932
average w 0.0094798
highest w 0.0213065
average w 0.0156315
highest w 0.306513
average w 0.172471
highest w 0.479261
average w 0.279696
highest w 0.115967
average w 0.067421
highest w 1.42235
average w 0.646046
highest w 0.315387
average w 0.168689
highest w 0.243704
average w 0.112795
highest w 1.762
average w 0.815108
highest w 1.80495
average w 1.28517
highest w 0.0223088
average w 0.00918986
highest w 1.36371
average w 0.711972
highest w 0.0117816
average w 0.00661948
highest w 0.103495
average w 0.0479787
highest w 0.141865
average w 0.0747249
highest w 0.618179
average w 0.345525
highest w 0.246527
average w 0.116274
highest w 2.88361
average w 1.39724
highest w 2.09733
average w 0.943368
highest w 0.559309
average w 0.307351
highest w 0.443233
average w 0.198695
highest w 0.0251996
average w 0.0113181
highest w 8.26457
average w 4.68205
highest w 0.179407
average w 0.0976773
highest w 0.182225
average w 0.0862091
highest w 0.302367
average w 0.171548
highest w 0.372615
average w 0.161273
highest w 2.00704
average w 0.970101
highest w 1.52635
average w 0.890935
highest w 0.0634849
average w 0.0362274
highest w 0.470818
average w 0.284665
highest w 0.347359
average w 0.224885
highest w 0.119075
average w 0.0720432
highest w 0.000188039
average w 0.000109765
highest w 0.0587262
average w 0.0334078
highest w 0.409288
average w 0.206251
highest w 1.25193
average w 0.689931
highest w 0.0382615
average w 0.0251154
highest w 0.0149919
average w 0.0105001
highest w 0.0071746
average w 0.00550907
highest w 0.0665039
average w 0.0360381
highest w 0.426895
average w 0.193043
highest w 0.00529276
average w 0.00332132
highest w 0.00279479
average w 0.00183144
highest w 0.00721959
average w 0.00470522
highest w 0.304935
average w 0.190381
highest w 0.00168358
average w 0.00102168
highest w 0.0255871
average w 0.0168581
highest w 0.02763
average w 0.0146204
highest w 0.925812
average w 0.590707
highest w 0.298402
average w 0.190209
highest w 0.0355777
average w 0.0230241
highest w 0.0960883
average w 0.0619998
highest w 1.23298
average w 0.794749
highest w 0.0667842
average w 0.0364062
highest w 0.299403
average w 0.147999
highest w 0.000569841
average w 0.00029241
highest w 1.32193e-06
average w 7.40979e-07
highest w 0.123515
average w 0.0729251
highest w 0.155897
average w 0.0790342
highest w 3.09871
average w 1.55192
highest w 0.0437554
average w 0.0246688
highest w 0.0108967
average w 0.00529978
highest w 0.00800198
average w 0.00449773
highest w 0.141728
average w 0.0944266
highest w 0.00201479
average w 0.000787534
highest w 0.000966911
average w 0.000610585
highest w 3.45234
average w 1.75128
highest w 1.69771
average w 1.13167
highest w 0.220531
average w 0.110035
highest w 0.00695725
average w 0.003975
highest w 0.650632
average w 0.422352
highest w 0.0054987
average w 0.00358477
highest w 0.0188697
average w 0.00970192
highest w 0.000163164
average w 0.00012468
highest w 0.248091
average w 0.178209
highest w 0.365162
average w 0.218726
highest w 0.000572754
average w 0.000325174
highest w 1.26651
average w 0.625998
highest w 0.000298518
average w 0.000166535
highest w 7.52176e-05
average w 4.3431e-05
highest w 0.0516296
average w 0.0263745
highest w 0.641295
average w 0.498815
highest w 8.22788e-05
average w 5.39033e-05
highest w 0.0228461
average w 0.0137337
highest w 0.0026582
average w 0.0018333
highest w 0.859201
average w 0.487143
highest w 0.0543796
average w 0.0337187
highest w 11.5528
average w 7.17957
highest w 0.538595
average w 0.337145
highest w 0.0643859
average w 0.0373373
highest w 0.0578301
average w 0.033544
highest w 0.812266
average w 0.406408
highest w 0.963983
average w 0.654086
highest w 0.0105694
average w 0.00672163
highest w 0.0311527
average w 0.0173999
highest w 0.00668113
average w 0.00509779
highest w 0.00527452
average w 0.00297685
highest w 12.7248
average w 6.71044
highest w 0.128386
average w 0.0771936
highest w 0.000127804
average w 7.31157e-05
highest w 8.99308e-06
average w 5.39434e-06
highest w 0.0167515
average w 0.0103385
highest w 0.239919
average w 0.144707
highest w 0.369456
average w 0.250711
highest w 0.0831392
average w 0.0536519
highest w 0.0953391
average w 0.0567295
highest w 1.31276
average w 0.83466
highest w 0.0143235
average w 0.00779067
highest w 1.80213
average w 0.917458
highest w 0.714884
average w 0.457502
highest w 0.128323
average w 0.0600973
highest w 0.0652401
average w 0.0397075
highest w 0.145921
average w 0.087801
highest w 0.0206081
average w 0.0149744
highest w 0.0754595
average w 0.0505592
highest w 0.253005
average w 0.153781
highest w 0.13979
average w 0.0881671
highest w 0.2743
average w 0.176139
highest w 0.639845
average w 0.314524
highest w 7.85075
average w 4.24033
highest w 0.00890459
average w 0.00525205
highest w 0.0021968
average w 0.00136058
highest w 0.00809339
average w 0.00458353
highest w 0.00554952
average w 0.00379053
highest w 0.417439
average w 0.301301
highest w 0.123601
average w 0.086569
highest w 1.88545
average w 1.1197
highest w 1.2524e-05
average w 5.10233e-06
highest w 0.684493
average w 0.322277
highest w 0.117912
average w 0.0597175
highest w 5.34382e-05
average w 3.32077e-05
highest w 0.0682259
average w 0.0331178
highest w 0.219468
average w 0.135494
highest w 0.0187772
average w 0.0110497
highest w 0.00367093
average w 0.00238516
highest w 0.0398478
average w 0.0209088
highest w 0.0743841
average w 0.0417275
highest w 0.1576
average w 0.0893914
highest w 0.0271757
average w 0.0136123
highest w 0.477923
average w 0.24452
highest w 0.00312525
average w 0.00177854
highest w 1.21416
average w 0.602444
highest w 0.376108
average w 0.207144
highest w 0.472098
average w 0.287827
highest w 2.87015
average w 1.28411
highest w 3.35263
average w 1.69713
highest w 3.1819
average w 1.34664
highest w 0.602366
average w 0.290757
highest w 1.59727
average w 0.851427
highest w 0.201871
average w 0.109401
highest w 0.160592
average w 0.0683016
highest w 2.97924
average w 1.62541
highest w 0.310394
average w 0.175277
highest w 4.42784
average w 1.90875
highest w 4.06822
average w 1.93776
highest w 0.123284
average w 0.0598247
highest w 0.483409
average w 0.258628
highest w 0.221208
average w 0.14426
highest w 1.22587
average w 0.499383
highest w 0.527469
average w 0.290624
highest w 0.454562
average w 0.297943
highest w 1.31778
average w 0.701601
highest w 0.120932
average w 0.0598237
highest w 1.25799
average w 0.725318
highest w 0.309936
average w 0.186407
highest w 1.47481
average w 0.958028
highest w 0.618523
average w 0.332721
highest w 1.47164
average w 0.665125
highest w 0.269543
average w 0.1623
highest w 0.975008
average w 0.56471
highest w 0.0170056
average w 0.00913316
highest w 0.113099
average w 0.0701056
highest w 1.29149
average w 0.661752
highest w 0.137367
average w 0.0756383
highest w 0.233612
average w 0.153901
highest w 0.0116171
average w 0.00716513
highest w 0.0566923
average w 0.0365013
highest w 0.167411
average w 0.092676
highest w 0.473438
average w 0.288961
highest w 1.32043
average w 0.733379
highest w 0.56092
average w 0.281819
highest w 0.580519
average w 0.320445
highest w 0.00186648
average w 0.00103026
highest w 0.0256431
average w 0.0154699
highest w 0.332047
average w 0.203024
highest w 0.211097
average w 0.115107
highest w 1.95907
average w 0.963653
highest w 0.234396
average w 0.143293
highest w 0.123077
average w 0.0515955
highest w 0.394582
average w 0.246115
highest w 0.815827
average w 0.35051
highest w 1.91703
average w 0.933392
highest w 0.218575
average w 0.130037
highest w 1.36492
average w 0.674364
highest w 0.674221
average w 0.364913
highest w 0.0225441
average w 0.0100467
highest w 0.288016
average w 0.165844
highest w 0.0149072
average w 0.00724863
highest w 1.45647
average w 0.780303
highest w 1.12676
average w 0.611245
highest w 0.798075
average w 0.431937
highest w 0.16319
average w 0.0801483
highest w 1.24139
average w 0.809895
highest w 0.0546489
average w 0.027046
highest w 2.29368
average w 1.22432
highest w 4.06157
average w 2.76947
highest w 0.121176
average w 0.0644405
highest w 0.156919
average w 0.085445
highest w 0.435188
average w 0.214682
highest w 0.337664
average w 0.197277
highest w 0.15587
average w 0.0768689
highest w 0.0944824
average w 0.0478075
highest w 4.77369
average w 2.7185
highest w 1.001
average w 0.532076
highest w 2.58837
average w 1.40961
highest w 1.07075
average w 0.718533
highest w 1.38411
average w 0.701384
highest w 0.447193
average w 0.272337
highest w 0.0165846
average w 0.0089398
highest w 3.54235
average w 1.74562
highest w 0.0918145
average w 0.0498185
highest w 0.0250297
average w 0.0127915
highest w 0.0129527
average w 0.00566881
highest w 2.88551
average w 1.47175
highest w 0.0268564
average w 0.0143509
highest w 0.199951
average w 0.10261
highest w 2.66404
average w 1.07372
highest w 0.608105
average w 0.325034
highest w 0.936473
average w 0.47687
highest w 0.0617808
average w 0.0292822
highest w 7.21351
average w 3.87403
highest w 0.21283
average w 0.108772
highest w 0.495773
average w 0.264582
highest w 0.149015
average w 0.0967194
highest w 0.027447
average w 0.0156604
highest w 0.108711
average w 0.0733075
highest w 0.0809316
average w 0.0349328
highest w 0.123218
average w 0.0620743
highest w 0.553123
average w 0.285761
highest w 0.844732
average w 0.472832
highest w 1.93779
average w 1.03702
highest w 0.643247
average w 0.275946
highest w 0.6859
average w 0.370591
highest w 0.02375
average w 0.0142467
highest w 1.17068
average w 0.559045
highest w 0.0537584
average w 0.031587
highest w 1.02144
average w 0.420555
highest w 1.09748
average w 0.628987
highest w 1.53262
average w 1.14625
highest w 5.76686
average w 3.45439
highest w 0.382857
average w 0.210721
highest w 0.140205
average w 0.0748196
highest w 0.0154486
average w 0.0099013
highest w 0.140422
average w 0.0980443
highest w 9.74382e-05
average w 4.27175e-05
highest w 0.237793
average w 0.179588
highest w 0.0235085
average w 0.0124332
highest w 1.52734
average w 0.82889
highest w 0.0944152
average w 0.0495225
highest w 0.530271
average w 0.32706
highest w 2.41002
average w 1.10479
highest w 0.394319
average w 0.239699
highest w 0.566952
average w 0.36625
highest w 0.00125795
average w 0.00083807
highest w 3.72789
average w 1.74701
highest w 0.0683294
average w 0.0353527
highest w 0.23181
average w 0.13187
highest w 0.702058
average w 0.3514
highest w 1.22355
average w 0.487729
highest w 1.52973
average w 0.716313
highest w 0.0803133
average w 0.0344088
highest w 0.693939
average w 0.373594
highest w 0.49343
average w 0.231635
highest w 0.935464
average w 0.537461
highest w 0.413534
average w 0.147772
highest w 0.156081
average w 0.0737898
highest w 1.05189
average w 0.57508
highest w 0.294626
average w 0.128184
highest w 0.0046278
average w 0.0034377
highest w 0.19257
average w 0.116737
highest w 0.498045
average w 0.268046
highest w 2.54755
average w 1.37338
highest w 0.898733
average w 0.477411
highest w 0.00304425
average w 0.00187143
highest w 0.0981924
average w 0.0499409
highest w 0.034186
average w 0.0198324
highest w 0.371134
average w 0.257533
highest w 0.0985711
average w 0.0620725
highest w 0.00450587
average w 0.00240632
highest w 0.223305
average w 0.120732
highest w 0.00530184
average w 0.00286223
highest w 0.614938
average w 0.40071
highest w 0.032661
average w 0.0215434
highest w 0.0743228
average w 0.0477668
highest w 0.261359
average w 0.139476
highest w 0.344464
average w 0.197313
highest w 3.06647
average w 1.93749
highest w 0.202098
average w 0.102447
highest w 6.25745
average w 2.76379
highest w 0.912753
average w 0.498602
highest w 2.07053
average w 1.43617
highest w 0.182244
average w 0.0939688
highest w 0.130066
average w 0.0719352
highest w 0.0171722
average w 0.00955835
highest w 0.0975672
average w 0.0517174
highest w 2.46403
average w 1.41097
highest w 0.0304433
average w 0.0214629
highest w 0.0681778
average w 0.0420592
highest w 0.00104051
average w 0.000665994
highest w 1.11795e-07
average w 6.81287e-08
highest w 0.00306614
average w 0.00157007
highest w 0.0591503
average w 0.0342983
highest w 0.0265957
average w 0.0129213
highest w 0.0572053
average w 0.0340649
highest w 0.100005
average w 0.0466822
highest w 0.269861
average w 0.167633
highest w 4.03065
average w 2.76527
highest w 2.75474
average w 1.77083
highest w 0.363999
average w 0.2139
highest w 0.0226914
average w 0.0136455
highest w 10.9562
average w 5.92088
highest w 0.15137
average w 0.0731739
highest w 0.0151123
average w 0.00769309
highest w 0.0131981
average w 0.00762226
highest w 0.0137132
average w 0.00936549
highest w 0.0990934
average w 0.0733022
highest w 20.9956
average w 10.9832
highest w 0.162119
average w 0.0973681
highest w 0.000733695
average w 0.000387067
highest w 0.402882
average w 0.252204
highest w 0.494974
average w 0.34115
highest w 0.273187
average w 0.13861
highest w 0.115026
average w 0.0738972
highest w 5.34745
average w 2.932
highest w 0.0876727
average w 0.0384668
highest w 0.000647105
average w 0.000307971
highest w 0.171705
average w 0.0937588
highest w 0.129288
average w 0.0787548
highest w 0.0256883
average w 0.0153571
highest w 0.000400264
average w 0.000244158
highest w 3.77833
average w 2.68019
highest w 0.350937
average w 0.216103
highest w 0.0107126
average w 0.00519999
highest w 0.169465
average w 0.126021
highest w 0.000855319
average w 0.000490379
highest w 0.540136
average w 0.296782
highest w 0.00187499
average w 0.00132239
highest w 0.00214217
average w 0.00144181
highest w 0.652222
average w 0.407404
highest w 0.0758071
average w 0.0425996
highest w 0.0273913
average w 0.0123973
highest w 0.0390564
average w 0.0229261
highest w 0.00435047
average w 0.00215863
highest w 0.00370306
average w 0.00225537
highest w 1.35628e-05
average w 7.52841e-06
highest w 0.00595394
average w 0.00315882
highest w 0.0285953
average w 0.0180772
highest w 3.34958
average w 2.12965
highest w 0.00950278
average w 0.00612249
highest w 0.227828
average w 0.143751
highest w 0.24694
average w 0.154465
highest w 0.887723
average w 0.537374
highest w 0.0769487
average w 0.0514395
highest w 0.746939
average w 0.415059
highest w 0.118765
average w 0.0839838
highest w 4.33364
average w 2.36379
highest w 1.01831
average w 0.554366
highest w 12.1599
average w 5.99664
highest w 0.00688275
average w 0.00454795
highest w 5.87918e-05
average w 3.05979e-05
highest w 0.0301201
average w 0.019458
highest w 0.0462599
average w 0.024211
highest w 0.076939
average w 0.0394305
highest w 0.00299852
average w 0.00179662
highest w 0.987357
average w 0.467976
highest w 7.57263e-06
average w 4.43796e-06
highest w 0.00182704
average w 0.00113029
highest w 0.119453
average w 0.0668971
highest w 0.0485689
average w 0.0272308
highest w 0.121505
average w 0.0810813
highest w 0.00527653
average w 0.00326037
highest w 0.00160032
average w 0.000956661
highest w 0.0254345
average w 0.0138732
highest w 0.000981416
average w 0.000769761
highest w 0.679722
average w 0.402459
highest w 0.00207783
average w 0.00154151
highest w 0.249597
average w 0.178121
highest w 0.0223889
average w 0.0146947
highest w 0.0901596
average w 0.061016
highest w 0.31677
average w 0.203586
highest w 0.458207
average w 0.240234
highest w 0.205266
average w 0.121479
highest w 0.0375692
average w 0.0230643
highest w 0.0169666
average w 0.0102113
highest w 0.135995
average w 0.0804421
highest w 0.0436787
average w 0.0258319
highest w 0.05889
average w 0.035741
highest w 0.0100749
average w 0.00662569
highest w 5.58446
average w 3.1616
highest w 2.7127
average w 1.58877
highest w 0.229703
average w 0.106545
highest w 0.236461
average w 0.148517
highest w 1.71672
average w 0.763487
highest w 0.0389596
average w 0.0268188
highest w 0.000253305
average w 0.000156004
highest w 0.000993729
average w 0.000756548
highest w 1.59095
average w 0.984572
highest w 0.291017
average w 0.1778
highest w 0.017667
average w 0.0104644
highest w 0.0180348
average w 0.00948937
highest w 0.0775558
average w 0.0453613
highest w 4.56099
average w 2.78532
highest w 0.257269
average w 0.165669
highest w 0.302798
average w 0.223687
highest w 0.446689
average w 0.229967
highest w 0.1042
average w 0.0488431
highest w 1.43833
average w 0.690403
highest w 0.18345
average w 0.101101
highest w 1.64031
average w 0.973427
highest w 0.45256
average w 0.272149
highest w 1.85115
average w 0.854731
highest w 2.44952
average w 1.15514
highest w 1.57662
average w 0.829258
highest w 0.343269
average w 0.157346
highest w 1.65127
average w 0.755008
highest w 2.34505
average w 1.30159
highest w 0.444514
average w 0.22379
highest w 1.52758
average w 0.79662
highest w 0.0138764
average w 0.00690579
highest w 0.0344435
average w 0.0132171
highest w 2.10409
average w 1.18523
highest w 0.606752
average w 0.444121
highest w 0.612023
average w 0.310699
highest w 0.045664
average w 0.0201433
highest w 0.0450768
average w 0.0184625
highest w 0.958687
average w 0.551476
highest w 0.29436
average w 0.195836
highest w 1.97782
average w 0.932195
highest w 0.506093
average w 0.27322
highest w 0.428322
average w 0.215664
highest w 0.17279
average w 0.0852664
highest w 2.69997
average w 1.44704
highest w 1.93279
average w 1.00765
highest w 0.0674427
average w 0.0484516
highest w 1.07685
average w 0.480042
highest w 5.63525
average w 2.8487
highest w 0.525368
average w 0.295875
highest w 0.685228
average w 0.395862
highest w 0.977951
average w 0.441687
highest w 0.968282
average w 0.462677
highest w 8.23401
average w 4.85033
highest w 0.376849
average w 0.216492
highest w 0.98254
average w 0.499894
highest w 0.352456
average w 0.158056
highest w 0.0516624
average w 0.0266777
highest w 0.753499
average w 0.375485
highest w 2.40929
average w 1.00899
highest w 0.105725
average w 0.0700945
highest w 0.245258
average w 0.152681
highest w 0.360548
average w 0.172299
highest w 2.59213
average w 1.15241
highest w 0.0196967
average w 0.00972811
highest w 1.47912
average w 0.889976
highest w 0.195448
average w 0.121813
highest w 0.748045
average w 0.4121
highest w 0.418964
average w 0.259415
highest w 1.08168
average w 0.454604
highest w 0.59085
average w 0.381891
highest w 0.400621
average w 0.197714
highest w 0.268998
average w 0.171726
highest w 0.00363919
average w 0.00221474
highest w 3.65597
average w 1.92304
highest w 0.248489
average w 0.137569
highest w 0.12174
average w 0.0725983
highest w 0.184189
average w 0.0919626
highest w 0.256478
average w 0.169003
highest w 0.507298
average w 0.26526
highest w 1.88163
average w 1.01393
highest w 0.140104
average w 0.0759887
highest w 0.00163678
average w 0.00106501
highest w 0.122824
average w 0.0644657
highest w 0.117249
average w 0.0689845
highest w 0.107903
average w 0.0687885
highest w 1.36682
average w 0.792803
highest w 0.0546855
average w 0.0301524
highest w 0.0762379
average w 0.0413983
highest w 0.055779
average w 0.0376957
highest w 1.41776e-05
average w 8.84633e-06
highest w 0.0342693
average w 0.0200871
highest w 0.593021
average w 0.376966
highest w 0.663279
average w 0.309397
highest w 0.010995
average w 0.00603304
highest w 1.19977
average w 0.689689
highest w 0.696325
average w 0.419399
highest w 0.077098
average w 0.0434067
highest w 0.0163011
average w 0.00860635
highest w 0.0505816
average w 0.025805
highest w 0.335968
average w 0.231625
highest w 0.729399
average w 0.505816
highest w 0.0478945
average w 0.0238405
highest w 0.0312522
average w 0.0193191
highest w 0.30629
average w 0.161931
highest w 0.00784302
average w 0.00437501
highest w 0.0310169
average w 0.0176454
highest w 0.129732
average w 0.0726722
highest w 0.0725594
average w 0.0562915
highest w 2.75047
average w 1.84016
highest w 0.145078
average w 0.0927175
highest w 2.40406
average w 1.39104
highest w 1.53849
average w 0.921679
highest w 0.479858
average w 0.257682
highest w 0.0161865
average w 0.0103878
highest w 0.655054
average w 0.419441
highest w 0.00820327
average w 0.00463974
highest w 3.65996
average w 2.01043
highest w 2.49976
average w 1.21985
highest w 2.76352
average w 1.65881
highest w 0.0612114
average w 0.0445347
highest w 1.16305
average w 0.625546
highest w 0.430382
average w 0.264972
highest w 0.115293
average w 0.0655122
highest w 0.251346
average w 0.13944
highest w 0.604005
average w 0.303625
highest w 0.115247
average w 0.0692317
highest w 0.136276
average w 0.0900824
highest w 0.0143784
average w 0.00887809
highest w 0.000688992
average w 0.000361231
highest w 0.0503021
average w 0.0240471
highest w 3.51885
average w 2.21901
highest w 0.0192074
average w 0.0103536
highest w 0.432107
average w 0.225909
highest w 0.0010413
average w 0.000657195
highest w 0.0818307
average w 0.0492355
highest w 0.248686
average w 0.14235
highest w 3.24997
average w 1.79235
highest w 0.0245034
average w 0.0145367
highest w 0.0348064
average w 0.0183777
highest w 5.15567e-07
average w 3.02793e-07
highest w 0.309144
average w 0.140923
highest w 0.0424808
average w 0.0233021
highest w 0.0260793
average w 0.0189216
highest w 0.000120872
average w 6.56952e-05
highest w 3.62323
average w 2.14498
highest w 3.8813
average w 2.02206
highest w 0.00258947
average w 0.00128496
highest w 0.82093
average w 0.412755
highest w 2.54179
average w 1.57337
highest w 3.14553
average w 1.77728
highest w 0.592937
average w 0.280425
highest w 0.486744
average w 0.229127
highest w 1.18735
average w 0.642504
highest w 1.23848
average w 0.588822
highest w 1.11
average w 0.583099
highest w 0.155588
average w 0.0836905
highest w 3.23774
average w 1.38533
highest w 0.0247309
average w 0.0128753
highest w 0.000700755
average w 0.00037119
highest w 3.13294
average w 2.38495
highest w 0.0114226
average w 0.00655502
highest w 0.920368
average w 0.535253
highest w 0.538468
average w 0.375826
highest w 1.64159
average w 0.879776
highest w 0.156407
average w 0.0805859
highest w 0.00412342
average w 0.00243246
highest w 0.678217
average w 0.366276
highest w 0.0339106
average w 0.0227744
highest w 0.711564
average w 0.351376
highest w 1.47911
average w 0.75876
highest w 0.000295765
average w 0.000181295
highest w 0.0493453
average w 0.0277391
highest w 0.000545866
average w 0.000335324
highest w 0.0324095
average w 0.0163347
highest w 0.0479501
average w 0.0291029
highest w 0.125756
average w 0.0695298
highest w 0.00311663
average w 0.00193451
highest w 0.000424352
average w 0.000256624
highest w 0.135467
average w 0.0620455
highest w 0.0760673
average w 0.0564283
highest w 1.30562
average w 0.652655
highest w 0.0150464
average w 0.0103828
highest w 0.00341607
average w 0.00218709
highest w 0.000861688
average w 0.000468927
highest w 0.0874627
average w 0.0644235
highest w 1.42914
average w 0.885461
highest w 0.955642
average w 0.527477
highest w 0.172115
average w 0.1187
highest w 0.695793
average w 0.369542
highest w 0.0462003
average w 0.0306707
highest w 0.699187
average w 0.300538
highest w 0.0170289
average w 0.00988819
highest w 0.0217092
average w 0.0144656
highest w 0.395503
average w 0.251316
highest w 0.0988143
average w 0.0610835
highest w 0.068229
average w 0.0362
highest w 0.166598
average w 0.107793
highest w 0.0209001
average w 0.0102648
highest w 0.157137
average w 0.0945411
highest w 0.000148631
average w 9.28459e-05
highest w 0.0200813
average w 0.011313
highest w 5.33907
average w 3.21752
highest w 4.53084
average w 2.88658
highest w 0.614376
average w 0.404553
highest w 1.88213
average w 1.06704
highest w 0.00204272
average w 0.000971036
highest w 0.00186197
average w 0.00138099
highest w 0.00339763
average w 0.00242667
highest w 0.0301108
average w 0.0177837
highest w 0.17943
average w 0.0928227
highest w 0.107933
average w 0.0775157
highest w 0.464622
average w 0.277343
highest w 0.000394711
average w 0.000187544
highest w 0.361468
average w 0.213766
highest w 2.4954
average w 1.29272
highest w 0.541732
average w 0.221807
highest w 0.00122108
average w 0.000493207
highest w 0.376725
average w 0.198752
highest w 2.14434
average w 0.903767
highest w 0.0488197
average w 0.0228915
highest w 0.00244669
average w 0.00148684
highest w 1.05967
average w 0.670798
highest w 2.85101
average w 1.62507
highest w 3.40972
average w 2.11965
highest w 0.0360897
average w 0.0258509
highest w 0.000412747
average w 0.000251508
highest w 10.935
average w 6.70435
highest w 0.00832491
average w 0.00472062
highest w 0.581689
average w 0.334216
highest w 0.0658586
average w 0.0385293
highest w 1.43605
average w 1.13552
highest w 0.0994888
average w 0.0535507
highest w 0.0662281
average w 0.0446717
highest w 0.0122277
average w 0.00743979
highest w 0.0157113
average w 0.00876199
highest w 0.000259786
average w 0.000124785
highest w 0.0771685
average w 0.0581547
highest w 0.000693499
average w 0.000438368
highest w 0.00135741
average w 0.00075907
highest w 0.0141169
average w 0.00778491
highest w 0.21586
average w 0.123633
highest w 0.00688445
average w 0.00437825
highest w 0.0121022
average w 0.00695294
highest w 0.495769
average w 0.252152
highest w 0.130731
average w 0.0733308
highest w 0.00566847
average w 0.00342872
highest w 0.262911
average w 0.143751
highest w 1.58474
average w 0.884468
highest w 5.37419
average w 2.90402
highest w 1.31946
average w 0.758577
highest w 1.17961
average w 0.61802
highest w 0.0151956
average w 0.00673935
highest w 0.136604
average w 0.0756604
highest w 0.00436627
average w 0.00273513
highest w 0.0480319
average w 0.0295971
highest w 8.51418
average w 3.7721
highest w 0.0344061
average w 0.0194257
highest w 0.00222576
average w 0.00123425
highest w 9.97232
average w 6.12761
highest w 0.856451
average w 0.487478
highest w 0.198717
average w 0.105197
highest w 0.00632162
average w 0.00344154
highest w 0.116251
average w 0.0683234
highest w 0.490763
average w 0.2614
highest w 2.49663
average w 1.72273
highest w 0.00859845
average w 0.0041109
highest w 0.959154
average w 0.51057
highest w 0.150829
average w 0.09962
highest w 0.34945
average w 0.181288
highest w 0.0198236
average w 0.0110157
highest w 1.59014
average w 0.847426
highest w 2.06598
average w 0.935961
highest w 0.400546
average w 0.249967
highest w 1.80614
average w 1.0188
highest w 0.633116
average w 0.335062
highest w 1.78615
average w 0.95434
highest w 0.0656558
average w 0.0417191
highest w 3.77391
average w 2.01565
highest w 0.423532
average w 0.265231
highest w 1.43605
average w 0.717527
highest w 0.00437793
average w 0.00222428
highest w 0.00346306
average w 0.00154822
highest w 0.527496
average w 0.306258
highest w 0.0175797
average w 0.00749723
highest w 0.628207
average w 0.309472
highest w 0.00486838
average w 0.00217093
highest w 0.00607585
average w 0.0037658
highest w 0.0176414
average w 0.0102778
highest w 0.140272
average w 0.0761949
highest w 0.00212845
average w 0.00100206
highest w 0.154788
average w 0.110138
highest w 0.188938
average w 0.0847614
highest w 2.47231
average w 1.20889
highest w 0.0120851
average w 0.0058486
highest w 0.0169068
average w 0.00754278
highest w 0.151498
average w 0.0840845
highest w 0.000163584
average w 7.56363e-05
highest w 1.23345
average w 0.723659
highest w 0.117707
average w 0.0677872
highest w 1.14711
average w 0.678063
highest w 1.20196
average w 0.563117
highest w 1.77605
average w 1.25076
highest w 0.0156503
average w 0.00867471
highest w 2.09159
average w 1.33758
highest w 0.128715
average w 0.0713171
highest w 5.26665
average w 2.58743
highest w 0.00139014
average w 0.000789201
highest w 0.476262
average w 0.276215
highest w 1.47167
average w 0.659285
highest w 0.762709
average w 0.482693
highest w 0.115924
average w 0.0612005
highest w 0.987802
average w 0.7186
highest w 0.180899
average w 0.102075
highest w 8.98288
average w 5.78442
highest w 0.033935
average w 0.0168493
highest w 0.12232
average w 0.0688579
highest w 0.912017
average w 0.447953
highest w 0.435218
average w 0.272248
highest w 0.282498
average w 0.19441
highest w 0.0850508
average w 0.0345835
highest w 1.01054
average w 0.556415
highest w 0.19942
average w 0.112628
highest w 0.030874
average w 0.0152908
highest w 0.00250966
average w 0.00142605
highest w 0.0897083
average w 0.0341384
highest w 3.94672
average w 1.89945
highest w 1.66283
average w 0.793717
highest w 2.5594
average w 1.8196
highest w 0.00654568
average w 0.00415091
highest w 2.13097
average w 1.32765
highest w 0.106172
average w 0.0503855
highest w 2.08274
average w 1.15953
highest w 0.6057
average w 0.317889
highest w 0.00371679
average w 0.00217756
highest w 0.224888
average w 0.103043
highest w 0.000747602
average w 0.000406738
highest w 0.0408244
average w 0.0229032
highest w 0.0654781
average w 0.0382088
highest w 0.0888101
average w 0.0593907
highest w 0.0123109
average w 0.00869785
highest w 0.634968
average w 0.344423
highest w 2.34709
average w 0.994133
highest w 3.46974
average w 1.87904
highest w 0.00622223
average w 0.00328768
highest w 0.0573902
average w 0.0260985
highest w 0.00545775
average w 0.00363901
highest w 1.62188
average w 0.860713
highest w 0.0243509
average w 0.0128281
highest w 1.87638
average w 1.02608
highest w 4.49269
average w 2.33182
highest w 0.775318
average w 0.477344
highest w 0.387511
average w 0.229193
highest w 0.819865
average w 0.405246
highest w 0.0120239
average w 0.00582719
highest w 1.08864
average w 0.558138
highest w 2.10805
average w 1.43418
highest w 0.0612267
average w 0.0341301
highest w 0.0914482
average w 0.0461042
highest w 0.102844
average w 0.054324
highest w 0.0152148
average w 0.00842312
highest w 0.0566953
average w 0.0272992
highest w 0.0234211
average w 0.0117416
highest w 0.000270358
average w 0.000159366
highest w 1.90895
average w 1.03034
highest w 0.546348
average w 0.351283
highest w 0.0527292
average w 0.031104
highest w 0.871071
average w 0.57586
highest w 2.45702
average w 1.44566
highest w 0.733345
average w 0.413533
highest w 0.179323
average w 0.0968481
highest w 0.0626531
average w 0.0410946
highest w 0.871876
average w 0.496844
highest w 0.00527886
average w 0.00255726
highest w 2.17047
average w 1.26822
highest w 0.00888311
average w 0.00449863
highest w 1.22438
average w 0.591722
highest w 0.449856
average w 0.243398
highest w 0.314658
average w 0.192009
highest w 1.00646
average w 0.456895
highest w 0.247743
average w 0.158693
highest w 0.501185
average w 0.32138
highest w 0.252035
average w 0.175753
highest w 0.0317778
average w 0.0157828
highest w 0.172586
average w 0.0918345
highest w 0.678974
average w 0.322111
highest w 2.2086
average w 1.29197
highest w 0.824258
average w 0.515129
highest w 0.337742
average w 0.148079
highest w 0.132639
average w 0.0619268
highest w 0.911728
average w 0.532674
highest w 0.14468
average w 0.0699082
highest w 0.150626
average w 0.0641829
highest w 0.564528
average w 0.259378
highest w 0.0972552
average w 0.0814241
highest w 0.17611
average w 0.0702244
highest w 2.21342
average w 1.51863
highest w 0.176446
average w 0.108465
highest w 0.578875
average w 0.309322
highest w 0.156509
average w 0.0745684
highest w 1.49636
average w 0.875005
highest w 0.050923
average w 0.0262479
highest w 0.523484
average w 0.265797
highest w 1.40776
average w 0.697407
highest w 0.270704
average w 0.141282
highest w 0.104967
average w 0.0684644
highest w 0.170395
average w 0.110196
highest w 2.83515
average w 1.6931
highest w 0.109999
average w 0.050935
highest w 0.00817831
average w 0.00614808
highest w 4.51414
average w 2.4589
highest w 0.0485974
average w 0.0275047
highest w 0.146766
average w 0.0873977
highest w 0.0868765
average w 0.0444012
highest w 0.598298
average w 0.270617
highest w 0.00035189
average w 0.000210715
highest w 0.0632941
average w 0.0402411
highest w 4.90266
average w 3.05648
highest w 0.00249253
average w 0.00145767
highest w 0.0178389
average w 0.00906796
highest w 0.0104271
average w 0.00735559
highest w 0.00223286
average w 0.00139707
highest w 0.191009
average w 0.0901553
highest w 2.02829
average w 1.20632
highest w 0.0118176
average w 0.00548417
highest w 0.00306817
average w 0.00156802
highest w 0.000390267
average w 0.000248527
highest w 0.435006
average w 0.262662
highest w 0.873334
average w 0.498149
highest w 3.61414
average w 2.39231
highest w 0.51124
average w 0.269269
highest w 6.54784e-05
average w 4.41898e-05
highest w 0.873162
average w 0.40611
highest w 0.0875116
average w 0.0440106
highest w 0.0355891
average w 0.0163345
highest w 0.0877329
average w 0.0472792
highest w 0.0923601
average w 0.0576034
highest w 0.153189
average w 0.0922859
highest w 0.0246006
average w 0.0184675
highest w 0.0808924
average w 0.0577755
highest w 0.638038
average w 0.296014
highest w 0.190583
average w 0.0882826
highest w 0.0146595
average w 0.00909733
highest w 0.0754874
average w 0.0409952
highest w 0.543792
average w 0.306261
highest w 0.0359919
average w 0.0238296
highest w 0.0482187
average w 0.0261897
highest w 0.0352834
average w 0.0202156
highest w 0.159289
average w 0.0973251
highest w 0.148857
average w 0.0725684
highest w 0.232775
average w 0.146725
highest w 0.336424
average w 0.227737
highest w 0.521346
average w 0.253277
highest w 2.40292
average w 1.52964
highest w 0.0423621
average w 0.0209413
highest w 2.2403
average w 1.44506
highest w 3.79914
average w 1.6473
highest w 1.98316
average w 1.02019
highest w 0.200044
average w 0.139927
highest w 0.103583
average w 0.0582625
highest w 0.154564
average w 0.0974396
highest w 0.00104658
average w 0.000432766
highest w 0.443944
average w 0.28726
highest w 0.369921
average w 0.179634
highest w 0.662716
average w 0.310895
highest w 0.0219914
average w 0.0131686
highest w 1.53389
average w 0.603695
highest w 0.274379
average w 0.1252
highest w 0.128071
average w 0.0627428
highest w 0.0033282
average w 0.0020629
highest w 0.58504
average w 0.324431
highest w 0.323777
average w 0.188584
highest w 0.105
average w 0.0672744
highest w 0.0243629
average w 0.0129
highest w 0.0888974
average w 0.0584624
highest w 0.00639637
average w 0.0034746
highest w 0.00511864
average w 0.00271581
highest w 0.0716911
average w 0.0365589
highest w 0.0126058
average w 0.00762958
highest w 9.56479
average w 6.64751
highest w 0.153742
average w 0.0955701
highest w 0.787234
average w 0.349852
highest w 0.418004
average w 0.284264
highest w 0.0254874
average w 0.0130764
highest w 0.22336
average w 0.128049
highest w 0.918891
average w 0.600854
highest w 0.00388761
average w 0.00249428
highest w 4.18051
average w 2.27781
highest w 0.369056
average w 0.169225
highest w 0.423176
average w 0.23345
highest w 0.0045197
average w 0.00237648
highest w 0.44734
average w 0.245269
highest w 1.16225
average w 0.745018
highest w 0.463564
average w 0.274436
highest w 0.0148891
average w 0.00760468
highest w 0.945797
average w 0.482463
highest w 1.31027
average w 0.665135
highest w 0.0143241
average w 0.00769037
highest w 0.525313
average w 0.231439
highest w 5.57503
average w 2.72594
highest w 0.00578875
average w 0.00307947
highest w 0.747946
average w 0.372452
highest w 1.14905
average w 0.392113
highest w 2.45612
average w 1.20612
highest w 2.37508
average w 1.12467
highest w 1.83838
average w 0.981043
highest w 1.54442
average w 0.776917
highest w 0.339992
average w 0.143683
highest w 0.80968
average w 0.514074
highest w 0.88664
average w 0.449959
highest w 5.67836
average w 2.90738
highest w 0.013522
average w 0.00682526
highest w 1.58585
average w 0.79278
highest w 0.32334
average w 0.174044
highest w 1.95702
average w 0.94206
highest w 8.18868
average w 4.37702
highest w 0.176801
average w 0.0770155
highest w 1.10543
average w 0.703656
highest w 0.0129051
average w 0.00809219
highest w 0.10891
average w 0.06104
highest w 0.00626535
average w 0.00323611
highest w 0.475351
average w 0.265545
highest w 0.0920266
average w 0.0405363
highest w 0.0881966
average w 0.0563205
highest w 0.0687255
average w 0.0369406
highest w 1.92394
average w 1.18485
highest w 1.69195
average w 1.12464
highest w 0.230501
average w 0.148899
highest w 0.0530623
average w 0.0288669
highest w 0.0557797
average w 0.0378827
highest w 0.025928
average w 0.0170706
highest w 0.318015
average w 0.162569
highest w 0.228171
average w 0.151735
highest w 3.89531
average w 2.29645
highest w 0.112567
average w 0.0671295
highest w 0.916802
average w 0.503732
highest w 0.00298078
average w 0.00185026
highest w 0.0185459
average w 0.00986008
highest w 0.0364913
average w 0.0204328
highest w 0.645756
average w 0.330393
highest w 1.47257
average w 0.848102
highest w 7.82253e-05
average w 5.27976e-05
highest w 0.0154676
average w 0.00815639
highest w 0.108068
average w 0.0605171
highest w 0.142792
average w 0.0806569
highest w 0.126631
average w 0.0841403
highest w 0.0401519
average w 0.023224
highest w 1.10861
average w 0.819688
highest w 0.0790323
average w 0.0466107
highest w 0.334338
average w 0.22724
highest w 0.00368052
average w 0.00129127
highest w 0.00748811
average w 0.00458503
highest w 0.033533
average w 0.0184746
highest w 0.0410445
average w 0.0214893
highest w 0.00617803
average w 0.00354658
highest w 0.133487
average w 0.0819668
highest w 1.37748
average w 0.754243
highest w 1.16565
average w 0.656113
highest w 0.035459
average w 0.0231607
highest w 0.00179005
average w 0.00107242
highest w 0.0121674
average w 0.00778591
highest w 0.156603
average w 0.0929378
highest w 0.00180228
average w 0.0014703
highest w 2.27886
average w 1.23351
highest w 0.820729
average w 0.494094
highest w 0.0305133
average w 0.0232182
highest w 0.0336705
average w 0.0184331
highest w 0.190959
average w 0.12322
highest w 0.128926
average w 0.0830982
highest w 0.00464653
average w 0.00255877
highest w 0.146474
average w 0.0786283
highest w 0.442298
average w 0.308179
highest w 0.337063
average w 0.175944
highest w 0.612814
average w 0.325116
highest w 0.894534
average w 0.546627
highest w 2.55463
average w 1.29869
highest w 0.001575
average w 0.00105747
highest w 0.00285632
average w 0.0016374
highest w 0.0679553
average w 0.0360412
highest w 0.282752
average w 0.180397
highest w 0.0186638
average w 0.0122657
highest w 0.223912
average w 0.152661
highest w 0.110456
average w 0.0643999
highest w 0.0194832
average w 0.0107467
highest w 5.08018
average w 2.45604
highest w 0.0322963
average w 0.0222308
highest w 0.120091
average w 0.0707131
highest w 0.432468
average w 0.221954
highest w 0.0021727
average w 0.00156126
highest w 0.0220009
average w 0.0142795
highest w 0.0739569
average w 0.0506422
highest w 2.75484
average w 1.54287
highest w 0.0827466
average w 0.0466232
highest w 0.0514276
average w 0.0269643
highest w 1.36416
average w 0.966378
highest w 1.19673
average w 0.690915
highest w 0.0513506
average w 0.0262384
highest w 0.104073
average w 0.0639254
highest w 0.234366
average w 0.135669
highest w 0.0167211
average w 0.0094705
highest w 0.0151919
average w 0.0087789
highest w 0.0277601
average w 0.0169148
highest w 0.162112
average w 0.0969743
highest w 0.374772
average w 0.299051
highest w 0.00204116
average w 0.00120331
highest w 0.00169504
average w 0.00105546
highest w 0.00784709
average w 0.00481657
highest w 0.00493505
average w 0.00304359
highest w 0.0389953
average w 0.0212316
highest w 2.20669
average w 1.03431
highest w 0.0489879
average w 0.0256943
highest w 0.0950338
average w 0.0409258
highest w 0.0108987
average w 0.00530212
highest w 1.27943
average w 0.828441
highest w 0.575084
average w 0.421476
highest w 0.00475782
average w 0.00286487
highest w 0.00676888
average w 0.00387818
highest w 0.303562
average w 0.148666
highest w 0.728142
average w 0.387437
highest w 0.000937739
average w 0.000560265
highest w 0.0638659
average w 0.0308205
highest w 0.0199301
average w 0.011871
highest w 0.250742
average w 0.142242
highest w 0.0726384
average w 0.0489729
highest w 0.000213721
average w 0.000146708
highest w 3.46596
average w 2.98851
highest w 4.06712
average w 2.10193
highest w 0.00637781
average w 0.00317298
highest w 0.0352831
average w 0.0181038
highest w 0.0930606
average w 0.056057
highest w 0.0314103
average w 0.0145975
highest w 0.288108
average w 0.154925
highest w 0.892224
average w 0.486803
highest w 0.616516
average w 0.369118
highest w 0.0307221
average w 0.0175008
highest w 0.091936
average w 0.0631423
highest w 0.0306913
average w 0.0167356
highest w 2.83965
average w 1.61604
highest w 0.944776
average w 0.629666
highest w 0.00274658
average w 0.0013318
highest w 0.94256
average w 0.641585
highest w 0.00145901
average w 0.000766412
highest w 0.0217552
average w 0.0144375
highest w 0.0831895
average w 0.0470007
highest w 0.31219
average w 0.210604
highest w 0.663163
average w 0.311122
highest w 3.82801
average w 2.2056
highest w 0.557626
average w 0.243455
highest w 0.0405987
average w 0.0223848
highest w 0.172863
average w 0.104326
highest w 1.93572
average w 0.813996
highest w 6.73024
average w 3.23785
highest w 1.02569
average w 0.579891
highest w 0.518682
average w 0.265426
highest w 1.00081
average w 0.476658
highest w 0.813286
average w 0.348087
highest w 0.757896
average w 0.308049
highest w 2.72932
average w 1.43259
highest w 0.814308
average w 0.423857
highest w 0.656637
average w 0.331557
highest w 0.0381784
average w 0.0157587
highest w 3.07298
average w 1.30595
highest w 0.348099
average w 0.182067
highest w 0.157003
average w 0.0882587
highest w 0.681108
average w 0.374264
highest w 0.528645
average w 0.243782
highest w 0.0262946
average w 0.0146168
highest w 0.504846
average w 0.196474
highest w 0.32577
average w 0.187026
highest w 2.04415
average w 1.08792
highest w 0.996719
average w 0.590522
highest w 1.52442
average w 1.11356
highest w 1.66416
average w 0.948264
highest w 2.36925
average w 1.33676
highest w 5.78719
average w 2.60312
highest w 0.0982213
average w 0.0623567
highest w 0.906916
average w 0.515677
highest w 0.430846
average w 0.247457
highest w 4.30071
average w 1.90364
highest w 0.550978
average w 0.328028
highest w 2.48818
average w 1.05633
highest w 0.978673
average w 0.551723
highest w 2.7283
average w 1.49455
highest w 1.58155
average w 0.994475
highest w 0.468894
average w 0.296752
highest w 0.00704653
average w 0.00395477
highest w 0.771008
average w 0.350185
highest w 0.0342158
average w 0.0183507
highest w 0.225329
average w 0.131144
highest w 1.98057
average w 0.860713
highest w 0.0076278
average w 0.00510732
highest w 2.19599
average w 1.38356
highest w 0.0562734
average w 0.029778
highest w 6.38716
average w 3.18457
highest w 6.36702
average w 3.92262
highest w 0.752268
average w 0.446626
highest w 5.78685
average w 2.89488
highest w 0.161063
average w 0.0940308
highest w 2.73229
average w 1.01116
highest w 2.93041
average w 2.03175
highest w 0.543645
average w 0.233466
highest w 0.028947
average w 0.0179624
highest w 0.0268656
average w 0.0125259
highest w 4.38198
average w 2.4755
highest w 0.959386
average w 0.419304
highest w 0.0305996
average w 0.0215447
highest w 0.284073
average w 0.18793
highest w 0.175922
average w 0.0779405
highest w 2.75019
average w 1.96943
highest w 0.170953
average w 0.0788042
highest w 0.344038
average w 0.235172
highest w 0.358084
average w 0.206276
highest w 0.0364226
average w 0.018966
highest w 0.251464
average w 0.144377
highest w 0.632754
average w 0.351031
highest w 0.907667
average w 0.500729
highest w 0.0815448
average w 0.0397458
highest w 0.15464
average w 0.105388
highest w 4.06186
average w 1.65317
highest w 0.17575
average w 0.0862937
highest w 0.833568
average w 0.395352
highest w 0.486036
average w 0.261697
highest w 0.0107502
average w 0.00552537
highest w 0.0761246
average w 0.0407548
highest w 0.105229
average w 0.0571554
highest w 0.481317
average w 0.241378
highest w 0.000643232
average w 0.0003461
highest w 3.05245
average w 1.59166
highest w 0.0713772
average w 0.039804
highest w 0.0235686
average w 0.0130012
highest w 2.77807
average w 1.65511
highest w 0.0254341
average w 0.015833
highest w 3.06737
average w 1.41058
highest w 0.0283538
average w 0.0165345
highest w 3.07964
average w 1.65288
highest w 0.150735
average w 0.0799899
highest w 0.724561
average w 0.346273
highest w 0.18174
average w 0.102354
highest w 4.45161
average w 2.315
highest w 1.54847
average w 0.943193
highest w 0.456541
average w 0.248249
highest w 0.369713
average w 0.173964
highest w 1.32447
average w 0.614732
highest w 2.95585
average w 1.12072
highest w 0.600378
average w 0.320443
highest w 0.329786
average w 0.181982
highest w 0.319902
average w 0.202912
highest w 2.61801
average w 1.19808
highest w 0.217194
average w 0.104668
highest w 1.85168
average w 0.967628
highest w 0.0405739
average w 0.0188522
highest w 0.786369
average w 0.539972
highest w 0.474558
average w 0.200081
highest w 0.295901
average w 0.146055
highest w 0.78307
average w 0.42066
highest w 0.530892
average w 0.28902
highest w 1.66415
average w 0.801223
highest w 3.03865
average w 1.75185
highest w 0.198351
average w 0.1014
highest w 1.4378
average w 0.81484
highest w 0.0815836
average w 0.0421172
highest w 0.0735769
average w 0.0412039
highest w 0.0331148
average w 0.0220839
highest w 0.0587801
average w 0.0275844
highest w 0.0439526
average w 0.0167627
highest w 0.209036
average w 0.119418
highest w 0.461011
average w 0.215143
highest w 0.343114
average w 0.202082
highest w 0.280736
average w 0.13508
highest w 7.66558
average w 4.509
highest w 1.7076
average w 1.12048
highest w 1.18156
average w 0.754374
highest w 3.7436
average w 2.08215
highest w 0.1342
average w 0.0729616
highest w 0.233625
average w 0.107879
highest w 0.831556
average w 0.42393
highest w 0.431157
average w 0.222166
highest w 0.0108592
average w 0.00642203
highest w 0.192047
average w 0.10627
highest w 1.01206
average w 0.493551
